user@user-VirtualBox:~/work/far4l-1.0$ dpkg-buildpackage
dpkg-buildpackage: info: source package far4l
dpkg-buildpackage: info: source version 1.0-1
dpkg-buildpackage: info: source distribution UNRELEASED
dpkg-buildpackage: info: source changed by user <user@unknown>
dpkg-buildpackage: info: host architecture amd64
 dpkg-source --before-build .
dpkg-source: warning: relation > is deprecated: use >> or >=
dpkg-checkbuilddeps: warning: relation > is deprecated: use >> or >=
 debian/rules clean
dh clean
   dh_auto_clean
   dh_clean
 dpkg-source -b .
dpkg-source: warning: relation > is deprecated: use >> or >=
dpkg-source: info: using source format '3.0 (quilt)'
dpkg-source: info: building far4l using existing ./far4l_1.0.orig.tar.xz
dpkg-source: info: building far4l in far4l_1.0-1.debian.tar.xz
dpkg-source: info: building far4l in far4l_1.0-1.dsc
 debian/rules binary
dh binary
   dh_update_autotools_config
   dh_autoreconf
   dh_auto_configure
	cd obj-x86_64-linux-gnu && cmake -DCMAKE_INSTALL_PREFIX=/usr -DCMAKE_BUILD_TYPE=None -DCMAKE_INSTALL_SYSCONFDIR=/etc -DCMAKE_INSTALL_LOCALSTATEDIR=/var -DCMAKE_EXPORT_NO_PACKAGE_REGISTRY=ON -DCMAKE_FIND_USE_PACKAGE_REGISTRY=OFF -DCMAKE_FIND_PACKAGE_NO_PACKAGE_REGISTRY=ON -DCMAKE_INSTALL_RUNSTATEDIR=/run -DCMAKE_SKIP_INSTALL_ALL_DEPENDENCY=ON "-GUnix Makefiles" -DCMAKE_VERBOSE_MAKEFILE=ON -DCMAKE_INSTALL_LIBDIR=lib/x86_64-linux-gnu ..
-- The C compiler identification is GNU 11.3.0
-- The CXX compiler identification is GNU 11.3.0
-- Detecting C compiler ABI info
-- Detecting C compiler ABI info - done
-- Check for working C compiler: /usr/bin/cc - skipped
-- Detecting C compile features
-- Detecting C compile features - done
-- Detecting CXX compiler ABI info
-- Detecting CXX compiler ABI info - done
-- Check for working CXX compiler: /usr/bin/c++ - skipped
-- Detecting CXX compile features
-- Detecting CXX compile features - done
-- Found Git: /usr/bin/git (found version "2.34.1") 
-- git hash: 05be5070
-- Build Type: None Version: 2.5.0-05be5070-beta
CMake Error at CMakeLists.txt:130 (message):
  gawk not found - please install it


-- Configuring incomplete, errors occurred!
See also "/home/user/work/far4l-1.0/obj-x86_64-linux-gnu/CMakeFiles/CMakeOutput.log".
	cd obj-x86_64-linux-gnu && tail -v -n \+0 CMakeCache.txt
==> CMakeCache.txt <==
# This is the CMakeCache file.
# For build in directory: /home/user/work/far4l-1.0/obj-x86_64-linux-gnu
# It was generated by CMake: /usr/bin/cmake
# You can edit this file to change values found and used by cmake.
# If you do not want to change any of the values, simply exit the editor.
# If you do want to change a value, simply edit, save, and exit the editor.
# The syntax for the file is as follows:
# KEY:TYPE=VALUE
# KEY is the name of a variable in the cache.
# TYPE is a hint to GUIs for the type of VALUE, DO NOT EDIT TYPE!.
# VALUE is the current value for the KEY.

########################
# EXTERNAL cache entries
########################

//Path to a program.
CMAKE_ADDR2LINE:FILEPATH=/usr/bin/addr2line

//Path to a program.
CMAKE_AR:FILEPATH=/usr/bin/ar

//Choose the type of build, options are: None Debug Release RelWithDebInfo
// MinSizeRel ...
CMAKE_BUILD_TYPE:STRING=None

//Enable/Disable color output during build.
CMAKE_COLOR_MAKEFILE:BOOL=ON

//CXX compiler
CMAKE_CXX_COMPILER:FILEPATH=/usr/bin/c++

//A wrapper around 'ar' adding the appropriate '--plugin' option
// for the GCC compiler
CMAKE_CXX_COMPILER_AR:FILEPATH=/usr/bin/gcc-ar-11

//A wrapper around 'ranlib' adding the appropriate '--plugin' option
// for the GCC compiler
CMAKE_CXX_COMPILER_RANLIB:FILEPATH=/usr/bin/gcc-ranlib-11

//Flags used by the CXX compiler during all build types.
CMAKE_CXX_FLAGS:STRING=-g -O2 -ffile-prefix-map=/home/user/work/far4l-1.0=. -flto=auto -ffat-lto-objects -flto=auto -ffat-lto-objects -fstack-protector-strong -Wformat -Werror=format-security -Wdate-time -D_FORTIFY_SOURCE=2

//Flags used by the CXX compiler during DEBUG builds.
CMAKE_CXX_FLAGS_DEBUG:STRING=-g

//Flags used by the CXX compiler during MINSIZEREL builds.
CMAKE_CXX_FLAGS_MINSIZEREL:STRING=-Os -DNDEBUG

//Flags used by the CXX compiler during NONE builds.
CMAKE_CXX_FLAGS_NONE:STRING=

//Flags used by the CXX compiler during RELEASE builds.
CMAKE_CXX_FLAGS_RELEASE:STRING=-O3 -DNDEBUG

//Flags used by the CXX compiler during RELWITHDEBINFO builds.
CMAKE_CXX_FLAGS_RELWITHDEBINFO:STRING=-O2 -g -DNDEBUG

//C compiler
CMAKE_C_COMPILER:FILEPATH=/usr/bin/cc

//A wrapper around 'ar' adding the appropriate '--plugin' option
// for the GCC compiler
CMAKE_C_COMPILER_AR:FILEPATH=/usr/bin/gcc-ar-11

//A wrapper around 'ranlib' adding the appropriate '--plugin' option
// for the GCC compiler
CMAKE_C_COMPILER_RANLIB:FILEPATH=/usr/bin/gcc-ranlib-11

//Flags used by the C compiler during all build types.
CMAKE_C_FLAGS:STRING=-g -O2 -ffile-prefix-map=/home/user/work/far4l-1.0=. -flto=auto -ffat-lto-objects -flto=auto -ffat-lto-objects -fstack-protector-strong -Wformat -Werror=format-security -Wdate-time -D_FORTIFY_SOURCE=2

//Flags used by the C compiler during DEBUG builds.
CMAKE_C_FLAGS_DEBUG:STRING=-g

//Flags used by the C compiler during MINSIZEREL builds.
CMAKE_C_FLAGS_MINSIZEREL:STRING=-Os -DNDEBUG

//Flags used by the C compiler during NONE builds.
CMAKE_C_FLAGS_NONE:STRING=

//Flags used by the C compiler during RELEASE builds.
CMAKE_C_FLAGS_RELEASE:STRING=-O3 -DNDEBUG

//Flags used by the C compiler during RELWITHDEBINFO builds.
CMAKE_C_FLAGS_RELWITHDEBINFO:STRING=-O2 -g -DNDEBUG

//Path to a program.
CMAKE_DLLTOOL:FILEPATH=CMAKE_DLLTOOL-NOTFOUND

//Flags used by the linker during all build types.
CMAKE_EXE_LINKER_FLAGS:STRING=-Wl,-Bsymbolic-functions -flto=auto -ffat-lto-objects -flto=auto -Wl,-z,relro

//Flags used by the linker during DEBUG builds.
CMAKE_EXE_LINKER_FLAGS_DEBUG:STRING=

//Flags used by the linker during MINSIZEREL builds.
CMAKE_EXE_LINKER_FLAGS_MINSIZEREL:STRING=

//Flags used by the linker during NONE builds.
CMAKE_EXE_LINKER_FLAGS_NONE:STRING=

//Flags used by the linker during RELEASE builds.
CMAKE_EXE_LINKER_FLAGS_RELEASE:STRING=

//Flags used by the linker during RELWITHDEBINFO builds.
CMAKE_EXE_LINKER_FLAGS_RELWITHDEBINFO:STRING=

//Enable/Disable output of compile commands during generation.
CMAKE_EXPORT_COMPILE_COMMANDS:BOOL=

//No help, variable specified on the command line.
CMAKE_EXPORT_NO_PACKAGE_REGISTRY:UNINITIALIZED=ON

//No help, variable specified on the command line.
CMAKE_FIND_PACKAGE_NO_PACKAGE_REGISTRY:UNINITIALIZED=ON

//No help, variable specified on the command line.
CMAKE_FIND_USE_PACKAGE_REGISTRY:UNINITIALIZED=OFF

//User executables (bin)
CMAKE_INSTALL_BINDIR:PATH=bin

//Read-only architecture-independent data (DATAROOTDIR)
CMAKE_INSTALL_DATADIR:PATH=

//Read-only architecture-independent data root (share)
CMAKE_INSTALL_DATAROOTDIR:PATH=share

//Documentation root (DATAROOTDIR/doc/PROJECT_NAME)
CMAKE_INSTALL_DOCDIR:PATH=

//C header files (include)
CMAKE_INSTALL_INCLUDEDIR:PATH=include

//Info documentation (DATAROOTDIR/info)
CMAKE_INSTALL_INFODIR:PATH=

//Object code libraries (lib)
CMAKE_INSTALL_LIBDIR:PATH=lib/x86_64-linux-gnu

//Program executables (libexec)
CMAKE_INSTALL_LIBEXECDIR:PATH=libexec

//Locale-dependent data (DATAROOTDIR/locale)
CMAKE_INSTALL_LOCALEDIR:PATH=

//Modifiable single-machine data (var)
CMAKE_INSTALL_LOCALSTATEDIR:PATH=/var

//Man documentation (DATAROOTDIR/man)
CMAKE_INSTALL_MANDIR:PATH=

//C header files for non-gcc (/usr/include)
CMAKE_INSTALL_OLDINCLUDEDIR:PATH=/usr/include

//Install path prefix, prepended onto install directories.
CMAKE_INSTALL_PREFIX:PATH=/usr

//Run-time variable data (LOCALSTATEDIR/run)
CMAKE_INSTALL_RUNSTATEDIR:PATH=/run

//System admin executables (sbin)
CMAKE_INSTALL_SBINDIR:PATH=sbin

//Modifiable architecture-independent data (com)
CMAKE_INSTALL_SHAREDSTATEDIR:PATH=com

//Read-only single-machine data (etc)
CMAKE_INSTALL_SYSCONFDIR:PATH=/etc

//Path to a program.
CMAKE_LINKER:FILEPATH=/usr/bin/ld

//Path to a program.
CMAKE_MAKE_PROGRAM:FILEPATH=/usr/bin/gmake

//Flags used by the linker during the creation of modules during
// all build types.
CMAKE_MODULE_LINKER_FLAGS:STRING=-Wl,-Bsymbolic-functions -flto=auto -ffat-lto-objects -flto=auto -Wl,-z,relro

//Flags used by the linker during the creation of modules during
// DEBUG builds.
CMAKE_MODULE_LINKER_FLAGS_DEBUG:STRING=

//Flags used by the linker during the creation of modules during
// MINSIZEREL builds.
CMAKE_MODULE_LINKER_FLAGS_MINSIZEREL:STRING=

//Flags used by the linker during the creation of modules during
// NONE builds.
CMAKE_MODULE_LINKER_FLAGS_NONE:STRING=

//Flags used by the linker during the creation of modules during
// RELEASE builds.
CMAKE_MODULE_LINKER_FLAGS_RELEASE:STRING=

//Flags used by the linker during the creation of modules during
// RELWITHDEBINFO builds.
CMAKE_MODULE_LINKER_FLAGS_RELWITHDEBINFO:STRING=

//Path to a program.
CMAKE_NM:FILEPATH=/usr/bin/nm

//Path to a program.
CMAKE_OBJCOPY:FILEPATH=/usr/bin/objcopy

//Path to a program.
CMAKE_OBJDUMP:FILEPATH=/usr/bin/objdump

//Value Computed by CMake
CMAKE_PROJECT_DESCRIPTION:STATIC=

//Value Computed by CMake
CMAKE_PROJECT_HOMEPAGE_URL:STATIC=

//Value Computed by CMake
CMAKE_PROJECT_NAME:STATIC=far2l

//Path to a program.
CMAKE_RANLIB:FILEPATH=/usr/bin/ranlib

//Path to a program.
CMAKE_READELF:FILEPATH=/usr/bin/readelf

//Flags used by the linker during the creation of shared libraries
// during all build types.
CMAKE_SHARED_LINKER_FLAGS:STRING=-Wl,-Bsymbolic-functions -flto=auto -ffat-lto-objects -flto=auto -Wl,-z,relro

//Flags used by the linker during the creation of shared libraries
// during DEBUG builds.
CMAKE_SHARED_LINKER_FLAGS_DEBUG:STRING=

//Flags used by the linker during the creation of shared libraries
// during MINSIZEREL builds.
CMAKE_SHARED_LINKER_FLAGS_MINSIZEREL:STRING=

//Flags used by the linker during the creation of shared libraries
// during NONE builds.
CMAKE_SHARED_LINKER_FLAGS_NONE:STRING=

//Flags used by the linker during the creation of shared libraries
// during RELEASE builds.
CMAKE_SHARED_LINKER_FLAGS_RELEASE:STRING=

//Flags used by the linker during the creation of shared libraries
// during RELWITHDEBINFO builds.
CMAKE_SHARED_LINKER_FLAGS_RELWITHDEBINFO:STRING=

//No help, variable specified on the command line.
CMAKE_SKIP_INSTALL_ALL_DEPENDENCY:UNINITIALIZED=ON

//If set, runtime paths are not added when installing shared libraries,
// but are added when building.
CMAKE_SKIP_INSTALL_RPATH:BOOL=NO

//If set, runtime paths are not added when using shared libraries.
CMAKE_SKIP_RPATH:BOOL=NO

//Flags used by the linker during the creation of static libraries
// during all build types.
CMAKE_STATIC_LINKER_FLAGS:STRING=

//Flags used by the linker during the creation of static libraries
// during DEBUG builds.
CMAKE_STATIC_LINKER_FLAGS_DEBUG:STRING=

//Flags used by the linker during the creation of static libraries
// during MINSIZEREL builds.
CMAKE_STATIC_LINKER_FLAGS_MINSIZEREL:STRING=

//Flags used by the linker during the creation of static libraries
// during NONE builds.
CMAKE_STATIC_LINKER_FLAGS_NONE:STRING=

//Flags used by the linker during the creation of static libraries
// during RELEASE builds.
CMAKE_STATIC_LINKER_FLAGS_RELEASE:STRING=

//Flags used by the linker during the creation of static libraries
// during RELWITHDEBINFO builds.
CMAKE_STATIC_LINKER_FLAGS_RELWITHDEBINFO:STRING=

//Path to a program.
CMAKE_STRIP:FILEPATH=/usr/bin/strip

//If this value is on, makefiles will be generated without the
// .SILENT directive, and all commands will be echoed to the console
// during the make.  This is useful for debugging only. With Visual
// Studio IDE projects all commands are done without /nologo.
CMAKE_VERBOSE_MAKEFILE:BOOL=ON

//Path to a program.
GAWK:FILEPATH=GAWK-NOTFOUND

//Git command line client
GIT_EXECUTABLE:FILEPATH=/usr/bin/git

//Path to a program.
M4_PROG:FILEPATH=/usr/bin/m4

//Value Computed by CMake
far2l_BINARY_DIR:STATIC=/home/user/work/far4l-1.0/obj-x86_64-linux-gnu

//Value Computed by CMake
far2l_IS_TOP_LEVEL:STATIC=ON

//Value Computed by CMake
far2l_SOURCE_DIR:STATIC=/home/user/work/far4l-1.0


########################
# INTERNAL cache entries
########################

//ADVANCED property for variable: CMAKE_ADDR2LINE
CMAKE_ADDR2LINE-ADVANCED:INTERNAL=1
//ADVANCED property for variable: CMAKE_AR
CMAKE_AR-ADVANCED:INTERNAL=1
//This is the directory where this CMakeCache.txt was created
CMAKE_CACHEFILE_DIR:INTERNAL=/home/user/work/far4l-1.0/obj-x86_64-linux-gnu
//Major version of cmake used to create the current loaded cache
CMAKE_CACHE_MAJOR_VERSION:INTERNAL=3
//Minor version of cmake used to create the current loaded cache
CMAKE_CACHE_MINOR_VERSION:INTERNAL=22
//Patch version of cmake used to create the current loaded cache
CMAKE_CACHE_PATCH_VERSION:INTERNAL=1
//ADVANCED property for variable: CMAKE_COLOR_MAKEFILE
CMAKE_COLOR_MAKEFILE-ADVANCED:INTERNAL=1
//Path to CMake executable.
CMAKE_COMMAND:INTERNAL=/usr/bin/cmake
//Path to cpack program executable.
CMAKE_CPACK_COMMAND:INTERNAL=/usr/bin/cpack
//Path to ctest program executable.
CMAKE_CTEST_COMMAND:INTERNAL=/usr/bin/ctest
//ADVANCED property for variable: CMAKE_CXX_COMPILER
CMAKE_CXX_COMPILER-ADVANCED:INTERNAL=1
//ADVANCED property for variable: CMAKE_CXX_COMPILER_AR
CMAKE_CXX_COMPILER_AR-ADVANCED:INTERNAL=1
//ADVANCED property for variable: CMAKE_CXX_COMPILER_RANLIB
CMAKE_CXX_COMPILER_RANLIB-ADVANCED:INTERNAL=1
//ADVANCED property for variable: CMAKE_CXX_FLAGS
CMAKE_CXX_FLAGS-ADVANCED:INTERNAL=1
//ADVANCED property for variable: CMAKE_CXX_FLAGS_DEBUG
CMAKE_CXX_FLAGS_DEBUG-ADVANCED:INTERNAL=1
//ADVANCED property for variable: CMAKE_CXX_FLAGS_MINSIZEREL
CMAKE_CXX_FLAGS_MINSIZEREL-ADVANCED:INTERNAL=1
//ADVANCED property for variable: CMAKE_CXX_FLAGS_NONE
CMAKE_CXX_FLAGS_NONE-ADVANCED:INTERNAL=1
//ADVANCED property for variable: CMAKE_CXX_FLAGS_RELEASE
CMAKE_CXX_FLAGS_RELEASE-ADVANCED:INTERNAL=1
//ADVANCED property for variable: CMAKE_CXX_FLAGS_RELWITHDEBINFO
CMAKE_CXX_FLAGS_RELWITHDEBINFO-ADVANCED:INTERNAL=1
//ADVANCED property for variable: CMAKE_C_COMPILER
CMAKE_C_COMPILER-ADVANCED:INTERNAL=1
//ADVANCED property for variable: CMAKE_C_COMPILER_AR
CMAKE_C_COMPILER_AR-ADVANCED:INTERNAL=1
//ADVANCED property for variable: CMAKE_C_COMPILER_RANLIB
CMAKE_C_COMPILER_RANLIB-ADVANCED:INTERNAL=1
//ADVANCED property for variable: CMAKE_C_FLAGS
CMAKE_C_FLAGS-ADVANCED:INTERNAL=1
//ADVANCED property for variable: CMAKE_C_FLAGS_DEBUG
CMAKE_C_FLAGS_DEBUG-ADVANCED:INTERNAL=1
//ADVANCED property for variable: CMAKE_C_FLAGS_MINSIZEREL
CMAKE_C_FLAGS_MINSIZEREL-ADVANCED:INTERNAL=1
//ADVANCED property for variable: CMAKE_C_FLAGS_NONE
CMAKE_C_FLAGS_NONE-ADVANCED:INTERNAL=1
//ADVANCED property for variable: CMAKE_C_FLAGS_RELEASE
CMAKE_C_FLAGS_RELEASE-ADVANCED:INTERNAL=1
//ADVANCED property for variable: CMAKE_C_FLAGS_RELWITHDEBINFO
CMAKE_C_FLAGS_RELWITHDEBINFO-ADVANCED:INTERNAL=1
//ADVANCED property for variable: CMAKE_DLLTOOL
CMAKE_DLLTOOL-ADVANCED:INTERNAL=1
//Executable file format
CMAKE_EXECUTABLE_FORMAT:INTERNAL=ELF
//ADVANCED property for variable: CMAKE_EXE_LINKER_FLAGS
CMAKE_EXE_LINKER_FLAGS-ADVANCED:INTERNAL=1
//ADVANCED property for variable: CMAKE_EXE_LINKER_FLAGS_DEBUG
CMAKE_EXE_LINKER_FLAGS_DEBUG-ADVANCED:INTERNAL=1
//ADVANCED property for variable: CMAKE_EXE_LINKER_FLAGS_MINSIZEREL
CMAKE_EXE_LINKER_FLAGS_MINSIZEREL-ADVANCED:INTERNAL=1
//ADVANCED property for variable: CMAKE_EXE_LINKER_FLAGS_NONE
CMAKE_EXE_LINKER_FLAGS_NONE-ADVANCED:INTERNAL=1
//ADVANCED property for variable: CMAKE_EXE_LINKER_FLAGS_RELEASE
CMAKE_EXE_LINKER_FLAGS_RELEASE-ADVANCED:INTERNAL=1
//ADVANCED property for variable: CMAKE_EXE_LINKER_FLAGS_RELWITHDEBINFO
CMAKE_EXE_LINKER_FLAGS_RELWITHDEBINFO-ADVANCED:INTERNAL=1
//ADVANCED property for variable: CMAKE_EXPORT_COMPILE_COMMANDS
CMAKE_EXPORT_COMPILE_COMMANDS-ADVANCED:INTERNAL=1
//Name of external makefile project generator.
CMAKE_EXTRA_GENERATOR:INTERNAL=
//Name of generator.
CMAKE_GENERATOR:INTERNAL=Unix Makefiles
//Generator instance identifier.
CMAKE_GENERATOR_INSTANCE:INTERNAL=
//Name of generator platform.
CMAKE_GENERATOR_PLATFORM:INTERNAL=
//Name of generator toolset.
CMAKE_GENERATOR_TOOLSET:INTERNAL=
//Source directory with the top level CMakeLists.txt file for this
// project
CMAKE_HOME_DIRECTORY:INTERNAL=/home/user/work/far4l-1.0
//ADVANCED property for variable: CMAKE_INSTALL_BINDIR
CMAKE_INSTALL_BINDIR-ADVANCED:INTERNAL=1
//ADVANCED property for variable: CMAKE_INSTALL_DATADIR
CMAKE_INSTALL_DATADIR-ADVANCED:INTERNAL=1
//ADVANCED property for variable: CMAKE_INSTALL_DATAROOTDIR
CMAKE_INSTALL_DATAROOTDIR-ADVANCED:INTERNAL=1
//ADVANCED property for variable: CMAKE_INSTALL_DOCDIR
CMAKE_INSTALL_DOCDIR-ADVANCED:INTERNAL=1
//ADVANCED property for variable: CMAKE_INSTALL_INCLUDEDIR
CMAKE_INSTALL_INCLUDEDIR-ADVANCED:INTERNAL=1
//ADVANCED property for variable: CMAKE_INSTALL_INFODIR
CMAKE_INSTALL_INFODIR-ADVANCED:INTERNAL=1
//ADVANCED property for variable: CMAKE_INSTALL_LIBDIR
CMAKE_INSTALL_LIBDIR-ADVANCED:INTERNAL=1
//ADVANCED property for variable: CMAKE_INSTALL_LIBEXECDIR
CMAKE_INSTALL_LIBEXECDIR-ADVANCED:INTERNAL=1
//ADVANCED property for variable: CMAKE_INSTALL_LOCALEDIR
CMAKE_INSTALL_LOCALEDIR-ADVANCED:INTERNAL=1
//ADVANCED property for variable: CMAKE_INSTALL_LOCALSTATEDIR
CMAKE_INSTALL_LOCALSTATEDIR-ADVANCED:INTERNAL=1
//ADVANCED property for variable: CMAKE_INSTALL_MANDIR
CMAKE_INSTALL_MANDIR-ADVANCED:INTERNAL=1
//ADVANCED property for variable: CMAKE_INSTALL_OLDINCLUDEDIR
CMAKE_INSTALL_OLDINCLUDEDIR-ADVANCED:INTERNAL=1
//ADVANCED property for variable: CMAKE_INSTALL_RUNSTATEDIR
CMAKE_INSTALL_RUNSTATEDIR-ADVANCED:INTERNAL=1
//ADVANCED property for variable: CMAKE_INSTALL_SBINDIR
CMAKE_INSTALL_SBINDIR-ADVANCED:INTERNAL=1
//ADVANCED property for variable: CMAKE_INSTALL_SHAREDSTATEDIR
CMAKE_INSTALL_SHAREDSTATEDIR-ADVANCED:INTERNAL=1
//Install .so files without execute permission.
CMAKE_INSTALL_SO_NO_EXE:INTERNAL=1
//ADVANCED property for variable: CMAKE_INSTALL_SYSCONFDIR
CMAKE_INSTALL_SYSCONFDIR-ADVANCED:INTERNAL=1
//ADVANCED property for variable: CMAKE_LINKER
CMAKE_LINKER-ADVANCED:INTERNAL=1
//ADVANCED property for variable: CMAKE_MAKE_PROGRAM
CMAKE_MAKE_PROGRAM-ADVANCED:INTERNAL=1
//ADVANCED property for variable: CMAKE_MODULE_LINKER_FLAGS
CMAKE_MODULE_LINKER_FLAGS-ADVANCED:INTERNAL=1
//ADVANCED property for variable: CMAKE_MODULE_LINKER_FLAGS_DEBUG
CMAKE_MODULE_LINKER_FLAGS_DEBUG-ADVANCED:INTERNAL=1
//ADVANCED property for variable: CMAKE_MODULE_LINKER_FLAGS_MINSIZEREL
CMAKE_MODULE_LINKER_FLAGS_MINSIZEREL-ADVANCED:INTERNAL=1
//ADVANCED property for variable: CMAKE_MODULE_LINKER_FLAGS_NONE
CMAKE_MODULE_LINKER_FLAGS_NONE-ADVANCED:INTERNAL=1
//ADVANCED property for variable: CMAKE_MODULE_LINKER_FLAGS_RELEASE
CMAKE_MODULE_LINKER_FLAGS_RELEASE-ADVANCED:INTERNAL=1
//ADVANCED property for variable: CMAKE_MODULE_LINKER_FLAGS_RELWITHDEBINFO
CMAKE_MODULE_LINKER_FLAGS_RELWITHDEBINFO-ADVANCED:INTERNAL=1
//ADVANCED property for variable: CMAKE_NM
CMAKE_NM-ADVANCED:INTERNAL=1
//number of local generators
CMAKE_NUMBER_OF_MAKEFILES:INTERNAL=1
//ADVANCED property for variable: CMAKE_OBJCOPY
CMAKE_OBJCOPY-ADVANCED:INTERNAL=1
//ADVANCED property for variable: CMAKE_OBJDUMP
CMAKE_OBJDUMP-ADVANCED:INTERNAL=1
//Platform information initialized
CMAKE_PLATFORM_INFO_INITIALIZED:INTERNAL=1
//ADVANCED property for variable: CMAKE_RANLIB
CMAKE_RANLIB-ADVANCED:INTERNAL=1
//ADVANCED property for variable: CMAKE_READELF
CMAKE_READELF-ADVANCED:INTERNAL=1
//Path to CMake installation.
CMAKE_ROOT:INTERNAL=/usr/share/cmake-3.22
//ADVANCED property for variable: CMAKE_SHARED_LINKER_FLAGS
CMAKE_SHARED_LINKER_FLAGS-ADVANCED:INTERNAL=1
//ADVANCED property for variable: CMAKE_SHARED_LINKER_FLAGS_DEBUG
CMAKE_SHARED_LINKER_FLAGS_DEBUG-ADVANCED:INTERNAL=1
//ADVANCED property for variable: CMAKE_SHARED_LINKER_FLAGS_MINSIZEREL
CMAKE_SHARED_LINKER_FLAGS_MINSIZEREL-ADVANCED:INTERNAL=1
//ADVANCED property for variable: CMAKE_SHARED_LINKER_FLAGS_NONE
CMAKE_SHARED_LINKER_FLAGS_NONE-ADVANCED:INTERNAL=1
//ADVANCED property for variable: CMAKE_SHARED_LINKER_FLAGS_RELEASE
CMAKE_SHARED_LINKER_FLAGS_RELEASE-ADVANCED:INTERNAL=1
//ADVANCED property for variable: CMAKE_SHARED_LINKER_FLAGS_RELWITHDEBINFO
CMAKE_SHARED_LINKER_FLAGS_RELWITHDEBINFO-ADVANCED:INTERNAL=1
//ADVANCED property for variable: CMAKE_SKIP_INSTALL_RPATH
CMAKE_SKIP_INSTALL_RPATH-ADVANCED:INTERNAL=1
//ADVANCED property for variable: CMAKE_SKIP_RPATH
CMAKE_SKIP_RPATH-ADVANCED:INTERNAL=1
//ADVANCED property for variable: CMAKE_STATIC_LINKER_FLAGS
CMAKE_STATIC_LINKER_FLAGS-ADVANCED:INTERNAL=1
//ADVANCED property for variable: CMAKE_STATIC_LINKER_FLAGS_DEBUG
CMAKE_STATIC_LINKER_FLAGS_DEBUG-ADVANCED:INTERNAL=1
//ADVANCED property for variable: CMAKE_STATIC_LINKER_FLAGS_MINSIZEREL
CMAKE_STATIC_LINKER_FLAGS_MINSIZEREL-ADVANCED:INTERNAL=1
//ADVANCED property for variable: CMAKE_STATIC_LINKER_FLAGS_NONE
CMAKE_STATIC_LINKER_FLAGS_NONE-ADVANCED:INTERNAL=1
//ADVANCED property for variable: CMAKE_STATIC_LINKER_FLAGS_RELEASE
CMAKE_STATIC_LINKER_FLAGS_RELEASE-ADVANCED:INTERNAL=1
//ADVANCED property for variable: CMAKE_STATIC_LINKER_FLAGS_RELWITHDEBINFO
CMAKE_STATIC_LINKER_FLAGS_RELWITHDEBINFO-ADVANCED:INTERNAL=1
//ADVANCED property for variable: CMAKE_STRIP
CMAKE_STRIP-ADVANCED:INTERNAL=1
//uname command
CMAKE_UNAME:INTERNAL=/usr/bin/uname
//ADVANCED property for variable: CMAKE_VERBOSE_MAKEFILE
CMAKE_VERBOSE_MAKEFILE-ADVANCED:INTERNAL=1
//Details about finding Git
FIND_PACKAGE_MESSAGE_DETAILS_Git:INTERNAL=[/usr/bin/git][v2.34.1()]
//ADVANCED property for variable: GIT_EXECUTABLE
GIT_EXECUTABLE-ADVANCED:INTERNAL=1
//CMAKE_INSTALL_PREFIX during last run
_GNUInstallDirs_LAST_CMAKE_INSTALL_PREFIX:INTERNAL=/usr

	cd obj-x86_64-linux-gnu && tail -v -n \+0 CMakeFiles/CMakeOutput.log
==> CMakeFiles/CMakeOutput.log <==
The system is: Linux - 5.19.0-38-generic - x86_64
Compiling the C compiler identification source file "CMakeCCompilerId.c" succeeded.
Compiler: /usr/bin/cc 
Build flags: -g;-O2;-ffile-prefix-map=/home/user/work/far4l-1.0=.;-flto=auto;-ffat-lto-objects;-flto=auto;-ffat-lto-objects;-fstack-protector-strong;-Wformat;-Werror=format-security;-Wdate-time;-D_FORTIFY_SOURCE=2
Id flags:  

The output was:
0


Compilation of the C compiler identification source "CMakeCCompilerId.c" produced "a.out"

The C compiler identification is GNU, found in "/home/user/work/far4l-1.0/obj-x86_64-linux-gnu/CMakeFiles/3.22.1/CompilerIdC/a.out"

Compiling the CXX compiler identification source file "CMakeCXXCompilerId.cpp" succeeded.
Compiler: /usr/bin/c++ 
Build flags: -g;-O2;-ffile-prefix-map=/home/user/work/far4l-1.0=.;-flto=auto;-ffat-lto-objects;-flto=auto;-ffat-lto-objects;-fstack-protector-strong;-Wformat;-Werror=format-security;-Wdate-time;-D_FORTIFY_SOURCE=2
Id flags:  

The output was:
0


Compilation of the CXX compiler identification source "CMakeCXXCompilerId.cpp" produced "a.out"

The CXX compiler identification is GNU, found in "/home/user/work/far4l-1.0/obj-x86_64-linux-gnu/CMakeFiles/3.22.1/CompilerIdCXX/a.out"

Detecting C compiler ABI info compiled with the following output:
Change Dir: /home/user/work/far4l-1.0/obj-x86_64-linux-gnu/CMakeFiles/CMakeTmp

Run Build Command(s):/usr/bin/gmake -f Makefile cmTC_65f2f/fast && gmake[1]: Entering directory '/home/user/work/far4l-1.0/obj-x86_64-linux-gnu/CMakeFiles/CMakeTmp'
/usr/bin/gmake  -f CMakeFiles/cmTC_65f2f.dir/build.make CMakeFiles/cmTC_65f2f.dir/build
gmake[2]: Entering directory '/home/user/work/far4l-1.0/obj-x86_64-linux-gnu/CMakeFiles/CMakeTmp'
Building C object CMakeFiles/cmTC_65f2f.dir/CMakeCCompilerABI.c.o
/usr/bin/cc   -g -O2 -ffile-prefix-map=/home/user/work/far4l-1.0=. -flto=auto -ffat-lto-objects -flto=auto -ffat-lto-objects -fstack-protector-strong -Wformat -Wdate-time -D_FORTIFY_SOURCE=2    -v -o CMakeFiles/cmTC_65f2f.dir/CMakeCCompilerABI.c.o -c /usr/share/cmake-3.22/Modules/CMakeCCompilerABI.c
Using built-in specs.
COLLECT_GCC=/usr/bin/cc
OFFLOAD_TARGET_NAMES=nvptx-none:amdgcn-amdhsa
OFFLOAD_TARGET_DEFAULT=1
Target: x86_64-linux-gnu
Configured with: ../src/configure -v --with-pkgversion='Ubuntu 11.3.0-1ubuntu1~22.04' --with-bugurl=file:///usr/share/doc/gcc-11/README.Bugs --enable-languages=c,ada,c++,go,brig,d,fortran,objc,obj-c++,m2 --prefix=/usr --with-gcc-major-version-only --program-suffix=-11 --program-prefix=x86_64-linux-gnu- --enable-shared --enable-linker-build-id --libexecdir=/usr/lib --without-included-gettext --enable-threads=posix --libdir=/usr/lib --enable-nls --enable-bootstrap --enable-clocale=gnu --enable-libstdcxx-debug --enable-libstdcxx-time=yes --with-default-libstdcxx-abi=new --enable-gnu-unique-object --disable-vtable-verify --enable-plugin --enable-default-pie --with-system-zlib --enable-libphobos-checking=release --with-target-system-zlib=auto --enable-objc-gc=auto --enable-multiarch --disable-werror --enable-cet --with-arch-32=i686 --with-abi=m64 --with-multilib-list=m32,m64,mx32 --enable-multilib --with-tune=generic --enable-offload-targets=nvptx-none=/build/gcc-11-xKiWfi/gcc-11-11.3.0/debian/tmp-nvptx/usr,amdgcn-amdhsa=/build/gcc-11-xKiWfi/gcc-11-11.3.0/debian/tmp-gcn/usr --without-cuda-driver --enable-checking=release --build=x86_64-linux-gnu --host=x86_64-linux-gnu --target=x86_64-linux-gnu --with-build-config=bootstrap-lto-lean --enable-link-serialization=2
Thread model: posix
Supported LTO compression algorithms: zlib zstd
gcc version 11.3.0 (Ubuntu 11.3.0-1ubuntu1~22.04) 
COLLECT_GCC_OPTIONS='-g' '-O2' '-ffile-prefix-map=/home/user/work/far4l-1.0=.' '-flto=auto' '-flto=auto' '-ffat-lto-objects' '-fstack-protector-strong' '-Wformat=1' '-Wdate-time' '-D' '_FORTIFY_SOURCE=2' '-v' '-o' 'CMakeFiles/cmTC_65f2f.dir/CMakeCCompilerABI.c.o' '-c' '-mtune=generic' '-march=x86-64' '-dumpdir' 'CMakeFiles/cmTC_65f2f.dir/'
 /usr/lib/gcc/x86_64-linux-gnu/11/cc1 -quiet -v -imultiarch x86_64-linux-gnu -D _FORTIFY_SOURCE=2 /usr/share/cmake-3.22/Modules/CMakeCCompilerABI.c -quiet -dumpdir CMakeFiles/cmTC_65f2f.dir/ -dumpbase CMakeCCompilerABI.c.c -dumpbase-ext .c -mtune=generic -march=x86-64 -g -O2 -Wformat=1 -Wdate-time -version -ffile-prefix-map=/home/user/work/far4l-1.0=. -flto=auto -flto=auto -ffat-lto-objects -fstack-protector-strong -fasynchronous-unwind-tables -fstack-protector-strong -Wformat -Wformat-security -fstack-clash-protection -fcf-protection -o /tmp/ccVNwnqd.s
GNU C17 (Ubuntu 11.3.0-1ubuntu1~22.04) version 11.3.0 (x86_64-linux-gnu)
	compiled by GNU C version 11.3.0, GMP version 6.2.1, MPFR version 4.1.0, MPC version 1.2.1, isl version isl-0.24-GMP

GGC heuristics: --param ggc-min-expand=100 --param ggc-min-heapsize=131072
ignoring nonexistent directory "/usr/local/include/x86_64-linux-gnu"
ignoring nonexistent directory "/usr/lib/gcc/x86_64-linux-gnu/11/include-fixed"
ignoring nonexistent directory "/usr/lib/gcc/x86_64-linux-gnu/11/../../../../x86_64-linux-gnu/include"
#include "..." search starts here:
#include <...> search starts here:
 /usr/lib/gcc/x86_64-linux-gnu/11/include
 /usr/local/include
 /usr/include/x86_64-linux-gnu
 /usr/include
End of search list.
GNU C17 (Ubuntu 11.3.0-1ubuntu1~22.04) version 11.3.0 (x86_64-linux-gnu)
	compiled by GNU C version 11.3.0, GMP version 6.2.1, MPFR version 4.1.0, MPC version 1.2.1, isl version isl-0.24-GMP

GGC heuristics: --param ggc-min-expand=100 --param ggc-min-heapsize=131072
Compiler executable checksum: 3f6cb05d963ad324b8f9442822c95179
COLLECT_GCC_OPTIONS='-g' '-O2' '-ffile-prefix-map=/home/user/work/far4l-1.0=.' '-flto=auto' '-flto=auto' '-ffat-lto-objects' '-fstack-protector-strong' '-Wformat=1' '-Wdate-time' '-D' '_FORTIFY_SOURCE=2' '-v' '-o' 'CMakeFiles/cmTC_65f2f.dir/CMakeCCompilerABI.c.o' '-c' '-mtune=generic' '-march=x86-64' '-dumpdir' 'CMakeFiles/cmTC_65f2f.dir/'
 as -v --gdwarf-5 --64 -o CMakeFiles/cmTC_65f2f.dir/CMakeCCompilerABI.c.o /tmp/ccVNwnqd.s
GNU assembler version 2.38 (x86_64-linux-gnu) using BFD version (GNU Binutils for Ubuntu) 2.38
COMPILER_PATH=/usr/lib/gcc/x86_64-linux-gnu/11/:/usr/lib/gcc/x86_64-linux-gnu/11/:/usr/lib/gcc/x86_64-linux-gnu/:/usr/lib/gcc/x86_64-linux-gnu/11/:/usr/lib/gcc/x86_64-linux-gnu/
LIBRARY_PATH=/usr/lib/gcc/x86_64-linux-gnu/11/:/usr/lib/gcc/x86_64-linux-gnu/11/../../../x86_64-linux-gnu/:/usr/lib/gcc/x86_64-linux-gnu/11/../../../../lib/:/lib/x86_64-linux-gnu/:/lib/../lib/:/usr/lib/x86_64-linux-gnu/:/usr/lib/../lib/:/usr/lib/gcc/x86_64-linux-gnu/11/../../../:/lib/:/usr/lib/
COLLECT_GCC_OPTIONS='-g' '-O2' '-ffile-prefix-map=/home/user/work/far4l-1.0=.' '-flto=auto' '-flto=auto' '-ffat-lto-objects' '-fstack-protector-strong' '-Wformat=1' '-Wdate-time' '-D' '_FORTIFY_SOURCE=2' '-v' '-o' 'CMakeFiles/cmTC_65f2f.dir/CMakeCCompilerABI.c.o' '-c' '-mtune=generic' '-march=x86-64' '-dumpdir' 'CMakeFiles/cmTC_65f2f.dir/CMakeCCompilerABI.c.'
Linking C executable cmTC_65f2f
/usr/bin/cmake -E cmake_link_script CMakeFiles/cmTC_65f2f.dir/link.txt --verbose=1
/usr/bin/cc -g -O2 -ffile-prefix-map=/home/user/work/far4l-1.0=. -flto=auto -ffat-lto-objects -flto=auto -ffat-lto-objects -fstack-protector-strong -Wformat -Wdate-time -D_FORTIFY_SOURCE=2  -Wl,-Bsymbolic-functions -flto=auto -ffat-lto-objects -flto=auto -Wl,-z,relro -v -rdynamic CMakeFiles/cmTC_65f2f.dir/CMakeCCompilerABI.c.o -o cmTC_65f2f 
Using built-in specs.
COLLECT_GCC=/usr/bin/cc
COLLECT_LTO_WRAPPER=/usr/lib/gcc/x86_64-linux-gnu/11/lto-wrapper
OFFLOAD_TARGET_NAMES=nvptx-none:amdgcn-amdhsa
OFFLOAD_TARGET_DEFAULT=1
Target: x86_64-linux-gnu
Configured with: ../src/configure -v --with-pkgversion='Ubuntu 11.3.0-1ubuntu1~22.04' --with-bugurl=file:///usr/share/doc/gcc-11/README.Bugs --enable-languages=c,ada,c++,go,brig,d,fortran,objc,obj-c++,m2 --prefix=/usr --with-gcc-major-version-only --program-suffix=-11 --program-prefix=x86_64-linux-gnu- --enable-shared --enable-linker-build-id --libexecdir=/usr/lib --without-included-gettext --enable-threads=posix --libdir=/usr/lib --enable-nls --enable-bootstrap --enable-clocale=gnu --enable-libstdcxx-debug --enable-libstdcxx-time=yes --with-default-libstdcxx-abi=new --enable-gnu-unique-object --disable-vtable-verify --enable-plugin --enable-default-pie --with-system-zlib --enable-libphobos-checking=release --with-target-system-zlib=auto --enable-objc-gc=auto --enable-multiarch --disable-werror --enable-cet --with-arch-32=i686 --with-abi=m64 --with-multilib-list=m32,m64,mx32 --enable-multilib --with-tune=generic --enable-offload-targets=nvptx-none=/build/gcc-11-xKiWfi/gcc-11-11.3.0/debian/tmp-nvptx/usr,amdgcn-amdhsa=/build/gcc-11-xKiWfi/gcc-11-11.3.0/debian/tmp-gcn/usr --without-cuda-driver --enable-checking=release --build=x86_64-linux-gnu --host=x86_64-linux-gnu --target=x86_64-linux-gnu --with-build-config=bootstrap-lto-lean --enable-link-serialization=2
Thread model: posix
Supported LTO compression algorithms: zlib zstd
gcc version 11.3.0 (Ubuntu 11.3.0-1ubuntu1~22.04) 
COMPILER_PATH=/usr/lib/gcc/x86_64-linux-gnu/11/:/usr/lib/gcc/x86_64-linux-gnu/11/:/usr/lib/gcc/x86_64-linux-gnu/:/usr/lib/gcc/x86_64-linux-gnu/11/:/usr/lib/gcc/x86_64-linux-gnu/
LIBRARY_PATH=/usr/lib/gcc/x86_64-linux-gnu/11/:/usr/lib/gcc/x86_64-linux-gnu/11/../../../x86_64-linux-gnu/:/usr/lib/gcc/x86_64-linux-gnu/11/../../../../lib/:/lib/x86_64-linux-gnu/:/lib/../lib/:/usr/lib/x86_64-linux-gnu/:/usr/lib/../lib/:/usr/lib/gcc/x86_64-linux-gnu/11/../../../:/lib/:/usr/lib/
COLLECT_GCC_OPTIONS='-g' '-O2' '-ffile-prefix-map=/home/user/work/far4l-1.0=.' '-flto=auto' '-flto=auto' '-fstack-protector-strong' '-Wformat=1' '-Wdate-time' '-D' '_FORTIFY_SOURCE=2' '-flto=auto' '-ffat-lto-objects' '-flto=auto' '-v' '-rdynamic' '-o' 'cmTC_65f2f' '-mtune=generic' '-march=x86-64' '-dumpdir' 'cmTC_65f2f.'
 /usr/lib/gcc/x86_64-linux-gnu/11/collect2 -plugin /usr/lib/gcc/x86_64-linux-gnu/11/liblto_plugin.so -plugin-opt=/usr/lib/gcc/x86_64-linux-gnu/11/lto-wrapper -plugin-opt=-fresolution=/tmp/ccBsPbb0.res -plugin-opt=-pass-through=-lgcc -plugin-opt=-pass-through=-lgcc_s -plugin-opt=-pass-through=-lc -plugin-opt=-pass-through=-lgcc -plugin-opt=-pass-through=-lgcc_s -flto=auto -flto=auto -flto=auto -flto=auto --build-id --eh-frame-hdr -m elf_x86_64 --hash-style=gnu --as-needed -export-dynamic -dynamic-linker /lib64/ld-linux-x86-64.so.2 -pie -z now -z relro -o cmTC_65f2f /usr/lib/gcc/x86_64-linux-gnu/11/../../../x86_64-linux-gnu/Scrt1.o /usr/lib/gcc/x86_64-linux-gnu/11/../../../x86_64-linux-gnu/crti.o /usr/lib/gcc/x86_64-linux-gnu/11/crtbeginS.o -L/usr/lib/gcc/x86_64-linux-gnu/11 -L/usr/lib/gcc/x86_64-linux-gnu/11/../../../x86_64-linux-gnu -L/usr/lib/gcc/x86_64-linux-gnu/11/../../../../lib -L/lib/x86_64-linux-gnu -L/lib/../lib -L/usr/lib/x86_64-linux-gnu -L/usr/lib/../lib -L/usr/lib/gcc/x86_64-linux-gnu/11/../../.. -Bsymbolic-functions -z relro CMakeFiles/cmTC_65f2f.dir/CMakeCCompilerABI.c.o -lgcc --push-state --as-needed -lgcc_s --pop-state -lc -lgcc --push-state --as-needed -lgcc_s --pop-state /usr/lib/gcc/x86_64-linux-gnu/11/crtendS.o /usr/lib/gcc/x86_64-linux-gnu/11/../../../x86_64-linux-gnu/crtn.o
/usr/lib/gcc/x86_64-linux-gnu/11/lto-wrapper -fresolution=/tmp/ccBsPbb0.res -flinker-output=pie CMakeFiles/cmTC_65f2f.dir/CMakeCCompilerABI.c.o 
/usr/lib/gcc/x86_64-linux-gnu/11/lto-wrapper -fresolution=/tmp/ccBsPbb0.res -flinker-output=pie CMakeFiles/cmTC_65f2f.dir/CMakeCCompilerABI.c.o 
LTO parallelism level set to 7
/usr/bin/cc @/tmp/ccgyshTC
Using built-in specs.
COLLECT_GCC=/usr/bin/cc
OFFLOAD_TARGET_NAMES=nvptx-none:amdgcn-amdhsa
OFFLOAD_TARGET_DEFAULT=1
Target: x86_64-linux-gnu
Configured with: ../src/configure -v --with-pkgversion='Ubuntu 11.3.0-1ubuntu1~22.04' --with-bugurl=file:///usr/share/doc/gcc-11/README.Bugs --enable-languages=c,ada,c++,go,brig,d,fortran,objc,obj-c++,m2 --prefix=/usr --with-gcc-major-version-only --program-suffix=-11 --program-prefix=x86_64-linux-gnu- --enable-shared --enable-linker-build-id --libexecdir=/usr/lib --without-included-gettext --enable-threads=posix --libdir=/usr/lib --enable-nls --enable-bootstrap --enable-clocale=gnu --enable-libstdcxx-debug --enable-libstdcxx-time=yes --with-default-libstdcxx-abi=new --enable-gnu-unique-object --disable-vtable-verify --enable-plugin --enable-default-pie --with-system-zlib --enable-libphobos-checking=release --with-target-system-zlib=auto --enable-objc-gc=auto --enable-multiarch --disable-werror --enable-cet --with-arch-32=i686 --with-abi=m64 --with-multilib-list=m32,m64,mx32 --enable-multilib --with-tune=generic --enable-offload-targets=nvptx-none=/build/gcc-11-xKiWfi/gcc-11-11.3.0/debian/tmp-nvptx/usr,amdgcn-amdhsa=/build/gcc-11-xKiWfi/gcc-11-11.3.0/debian/tmp-gcn/usr --without-cuda-driver --enable-checking=release --build=x86_64-linux-gnu --host=x86_64-linux-gnu --target=x86_64-linux-gnu --with-build-config=bootstrap-lto-lean --enable-link-serialization=2
Thread model: posix
Supported LTO compression algorithms: zlib zstd
gcc version 11.3.0 (Ubuntu 11.3.0-1ubuntu1~22.04) 
COLLECT_GCC_OPTIONS='-c' '-fno-openmp' '-fno-openacc' '-fPIC' '-g' '-O2' '-fcf-protection=full' '-g' '-O2' '-ffile-prefix-map=/home/user/work/far4l-1.0=.' '-fstack-protector-strong' '-ffat-lto-objects' '-v' '-rdynamic' '-mtune=generic' '-march=x86-64'   '-fltrans-output-list=/tmp/ccoKeIOB.ltrans.out' '-fwpa=7' '-fresolution=/tmp/ccBsPbb0.res' '-flinker-output=pie'
 /usr/lib/gcc/x86_64-linux-gnu/11/lto1 -quiet -dumpbase ./cmTC_65f2f.wpa -mtune=generic -march=x86-64 -g -g -O2 -O2 -version -fno-openmp -fno-openacc -fPIC -fcf-protection=full -ffile-prefix-map=/home/user/work/far4l-1.0=. -fstack-protector-strong -ffat-lto-objects -fltrans-output-list=/tmp/ccoKeIOB.ltrans.out -fwpa=7 -fresolution=/tmp/ccBsPbb0.res -flinker-output=pie @/tmp/ccq0klnJ
GNU GIMPLE (Ubuntu 11.3.0-1ubuntu1~22.04) version 11.3.0 (x86_64-linux-gnu)
	compiled by GNU C version 11.3.0, GMP version 6.2.1, MPFR version 4.1.0, MPC version 1.2.1, isl version isl-0.24-GMP

GGC heuristics: --param ggc-min-expand=100 --param ggc-min-heapsize=131072
GNU GIMPLE (Ubuntu 11.3.0-1ubuntu1~22.04) version 11.3.0 (x86_64-linux-gnu)
	compiled by GNU C version 11.3.0, GMP version 6.2.1, MPFR version 4.1.0, MPC version 1.2.1, isl version isl-0.24-GMP

GGC heuristics: --param ggc-min-expand=100 --param ggc-min-heapsize=131072
COMPILER_PATH=/usr/lib/gcc/x86_64-linux-gnu/11/:/usr/lib/gcc/x86_64-linux-gnu/11/:/usr/lib/gcc/x86_64-linux-gnu/:/usr/lib/gcc/x86_64-linux-gnu/11/:/usr/lib/gcc/x86_64-linux-gnu/:/usr/lib/gcc/x86_64-linux-gnu/11/:/usr/lib/gcc/x86_64-linux-gnu/11/:/usr/lib/gcc/x86_64-linux-gnu/:/usr/lib/gcc/x86_64-linux-gnu/11/:/usr/lib/gcc/x86_64-linux-gnu/
LIBRARY_PATH=/usr/lib/gcc/x86_64-linux-gnu/11/../../../../lib/x86_64-linux-gnu/:/usr/lib/gcc/x86_64-linux-gnu/11/../../../../lib/../lib/:/lib/../lib/x86_64-linux-gnu/:/lib/../lib/../lib/:/usr/lib/../lib/x86_64-linux-gnu/:/usr/lib/../lib/../lib/:/usr/lib/gcc/x86_64-linux-gnu/11/../../../x86_64-linux-gnu/:/usr/lib/gcc/x86_64-linux-gnu/11/../../../../lib/:/lib/x86_64-linux-gnu/:/lib/../lib/:/usr/lib/x86_64-linux-gnu/:/usr/lib/../lib/:/usr/lib/gcc/x86_64-linux-gnu/11/:/usr/lib/gcc/x86_64-linux-gnu/11/../../../x86_64-linux-gnu/:/usr/lib/gcc/x86_64-linux-gnu/11/../../../../lib/:/lib/x86_64-linux-gnu/:/lib/../lib/:/usr/lib/x86_64-linux-gnu/:/usr/lib/../lib/:/usr/lib/gcc/x86_64-linux-gnu/11/:/usr/lib/gcc/x86_64-linux-gnu/11/../../../x86_64-linux-gnu/:/usr/lib/gcc/x86_64-linux-gnu/11/../../../../lib/:/lib/x86_64-linux-gnu/:/lib/../lib/:/usr/lib/x86_64-linux-gnu/:/usr/lib/../lib/:/usr/lib/gcc/x86_64-linux-gnu/11/../../../:/lib/:/usr/lib/:/usr/lib/gcc/x86_64-linux-gnu/11/../../../:/lib/:/usr/lib/
COLLECT_GCC_OPTIONS='-c' '-fno-openmp' '-fno-openacc' '-fPIC' '-g' '-O2' '-fcf-protection=full' '-g' '-O2' '-ffile-prefix-map=/home/user/work/far4l-1.0=.' '-fstack-protector-strong' '-ffat-lto-objects' '-v' '-rdynamic' '-mtune=generic' '-march=x86-64'   '-fltrans-output-list=/tmp/ccoKeIOB.ltrans.out' '-fwpa=7' '-fresolution=/tmp/ccBsPbb0.res' '-flinker-output=pie' '-dumpdir' './cmTC_65f2f.wpa.'
make -f /tmp/ccGGmXQd.mk -j7 all
Using built-in specs.
COLLECT_GCC=/usr/bin/cc
OFFLOAD_TARGET_NAMES=nvptx-none:amdgcn-amdhsa
OFFLOAD_TARGET_DEFAULT=1
Target: x86_64-linux-gnu
Configured with: ../src/configure -v --with-pkgversion='Ubuntu 11.3.0-1ubuntu1~22.04' --with-bugurl=file:///usr/share/doc/gcc-11/README.Bugs --enable-languages=c,ada,c++,go,brig,d,fortran,objc,obj-c++,m2 --prefix=/usr --with-gcc-major-version-only --program-suffix=-11 --program-prefix=x86_64-linux-gnu- --enable-shared --enable-linker-build-id --libexecdir=/usr/lib --without-included-gettext --enable-threads=posix --libdir=/usr/lib --enable-nls --enable-bootstrap --enable-clocale=gnu --enable-libstdcxx-debug --enable-libstdcxx-time=yes --with-default-libstdcxx-abi=new --enable-gnu-unique-object --disable-vtable-verify --enable-plugin --enable-default-pie --with-system-zlib --enable-libphobos-checking=release --with-target-system-zlib=auto --enable-objc-gc=auto --enable-multiarch --disable-werror --enable-cet --with-arch-32=i686 --with-abi=m64 --with-multilib-list=m32,m64,mx32 --enable-multilib --with-tune=generic --enable-offload-targets=nvptx-none=/build/gcc-11-xKiWfi/gcc-11-11.3.0/debian/tmp-nvptx/usr,amdgcn-amdhsa=/build/gcc-11-xKiWfi/gcc-11-11.3.0/debian/tmp-gcn/usr --without-cuda-driver --enable-checking=release --build=x86_64-linux-gnu --host=x86_64-linux-gnu --target=x86_64-linux-gnu --with-build-config=bootstrap-lto-lean --enable-link-serialization=2
Thread model: posix
Supported LTO compression algorithms: zlib zstd
gcc version 11.3.0 (Ubuntu 11.3.0-1ubuntu1~22.04) 
COLLECT_GCC_OPTIONS='-c' '-fno-openmp' '-fno-openacc' '-fPIC' '-g' '-O2' '-fcf-protection=full' '-g' '-O2' '-ffile-prefix-map=/home/user/work/far4l-1.0=.' '-fstack-protector-strong' '-ffat-lto-objects' '-v' '-rdynamic' '-mtune=generic' '-march=x86-64'   '-fltrans' '-o' '/tmp/ccoKeIOB.ltrans0.ltrans.o'
 /usr/lib/gcc/x86_64-linux-gnu/11/lto1 -quiet -dumpbase ./cmTC_65f2f.ltrans0.ltrans -mtune=generic -march=x86-64 -g -g -O2 -O2 -version -fno-openmp -fno-openacc -fPIC -fcf-protection=full -ffile-prefix-map=/home/user/work/far4l-1.0=. -fstack-protector-strong -ffat-lto-objects -fltrans /tmp/ccoKeIOB.ltrans0.o -o /tmp/ccPJUQGk.s
GNU GIMPLE (Ubuntu 11.3.0-1ubuntu1~22.04) version 11.3.0 (x86_64-linux-gnu)
	compiled by GNU C version 11.3.0, GMP version 6.2.1, MPFR version 4.1.0, MPC version 1.2.1, isl version isl-0.24-GMP

GGC heuristics: --param ggc-min-expand=100 --param ggc-min-heapsize=131072
GNU GIMPLE (Ubuntu 11.3.0-1ubuntu1~22.04) version 11.3.0 (x86_64-linux-gnu)
	compiled by GNU C version 11.3.0, GMP version 6.2.1, MPFR version 4.1.0, MPC version 1.2.1, isl version isl-0.24-GMP

GGC heuristics: --param ggc-min-expand=100 --param ggc-min-heapsize=131072
COLLECT_GCC_OPTIONS='-c' '-fno-openmp' '-fno-openacc' '-fPIC' '-g' '-O2' '-fcf-protection=full' '-g' '-O2' '-ffile-prefix-map=/home/user/work/far4l-1.0=.' '-fstack-protector-strong' '-ffat-lto-objects' '-v' '-rdynamic' '-mtune=generic' '-march=x86-64'   '-fltrans' '-o' '/tmp/ccoKeIOB.ltrans0.ltrans.o'
 as -v --gdwarf-5 --64 -o /tmp/ccoKeIOB.ltrans0.ltrans.o /tmp/ccPJUQGk.s
GNU assembler version 2.38 (x86_64-linux-gnu) using BFD version (GNU Binutils for Ubuntu) 2.38
MAKEFLAGS=w -j7 
COMPILER_PATH=/usr/lib/gcc/x86_64-linux-gnu/11/:/usr/lib/gcc/x86_64-linux-gnu/11/:/usr/lib/gcc/x86_64-linux-gnu/:/usr/lib/gcc/x86_64-linux-gnu/11/:/usr/lib/gcc/x86_64-linux-gnu/:/usr/lib/gcc/x86_64-linux-gnu/11/:/usr/lib/gcc/x86_64-linux-gnu/11/:/usr/lib/gcc/x86_64-linux-gnu/:/usr/lib/gcc/x86_64-linux-gnu/11/:/usr/lib/gcc/x86_64-linux-gnu/
LIBRARY_PATH=/usr/lib/gcc/x86_64-linux-gnu/11/../../../../lib/x86_64-linux-gnu/:/usr/lib/gcc/x86_64-linux-gnu/11/../../../../lib/../lib/:/lib/../lib/x86_64-linux-gnu/:/lib/../lib/../lib/:/usr/lib/../lib/x86_64-linux-gnu/:/usr/lib/../lib/../lib/:/usr/lib/gcc/x86_64-linux-gnu/11/../../../x86_64-linux-gnu/:/usr/lib/gcc/x86_64-linux-gnu/11/../../../../lib/:/lib/x86_64-linux-gnu/:/lib/../lib/:/usr/lib/x86_64-linux-gnu/:/usr/lib/../lib/:/usr/lib/gcc/x86_64-linux-gnu/11/:/usr/lib/gcc/x86_64-linux-gnu/11/../../../x86_64-linux-gnu/:/usr/lib/gcc/x86_64-linux-gnu/11/../../../../lib/:/lib/x86_64-linux-gnu/:/lib/../lib/:/usr/lib/x86_64-linux-gnu/:/usr/lib/../lib/:/usr/lib/gcc/x86_64-linux-gnu/11/:/usr/lib/gcc/x86_64-linux-gnu/11/../../../x86_64-linux-gnu/:/usr/lib/gcc/x86_64-linux-gnu/11/../../../../lib/:/lib/x86_64-linux-gnu/:/lib/../lib/:/usr/lib/x86_64-linux-gnu/:/usr/lib/../lib/:/usr/lib/gcc/x86_64-linux-gnu/11/../../../:/lib/:/usr/lib/:/usr/lib/gcc/x86_64-linux-gnu/11/../../../:/lib/:/usr/lib/
COLLECT_GCC_OPTIONS='-c' '-fno-openmp' '-fno-openacc' '-fPIC' '-g' '-O2' '-fcf-protection=full' '-g' '-O2' '-ffile-prefix-map=/home/user/work/far4l-1.0=.' '-fstack-protector-strong' '-ffat-lto-objects' '-v' '-rdynamic' '-mtune=generic' '-march=x86-64'   '-fltrans' '-o' '/tmp/ccoKeIOB.ltrans0.ltrans.o' '-dumpdir' './cmTC_65f2f.ltrans0.ltrans.'
COLLECT_GCC_OPTIONS='-g' '-O2' '-ffile-prefix-map=/home/user/work/far4l-1.0=.' '-flto=auto' '-flto=auto' '-fstack-protector-strong' '-Wformat=1' '-Wdate-time' '-D' '_FORTIFY_SOURCE=2' '-flto=auto' '-ffat-lto-objects' '-flto=auto' '-v' '-rdynamic' '-o' 'cmTC_65f2f' '-mtune=generic' '-march=x86-64' '-dumpdir' 'cmTC_65f2f.'
gmake[2]: Leaving directory '/home/user/work/far4l-1.0/obj-x86_64-linux-gnu/CMakeFiles/CMakeTmp'
gmake[1]: Leaving directory '/home/user/work/far4l-1.0/obj-x86_64-linux-gnu/CMakeFiles/CMakeTmp'



Parsed C implicit include dir info from above output: rv=done
  found start of include info
  found start of implicit include info
    add: [/usr/lib/gcc/x86_64-linux-gnu/11/include]
    add: [/usr/local/include]
    add: [/usr/include/x86_64-linux-gnu]
    add: [/usr/include]
  end of search list found
  collapse include dir [/usr/lib/gcc/x86_64-linux-gnu/11/include] ==> [/usr/lib/gcc/x86_64-linux-gnu/11/include]
  collapse include dir [/usr/local/include] ==> [/usr/local/include]
  collapse include dir [/usr/include/x86_64-linux-gnu] ==> [/usr/include/x86_64-linux-gnu]
  collapse include dir [/usr/include] ==> [/usr/include]
  implicit include dirs: [/usr/lib/gcc/x86_64-linux-gnu/11/include;/usr/local/include;/usr/include/x86_64-linux-gnu;/usr/include]


Parsed C implicit link information from above output:
  link line regex: [^( *|.*[/\])(ld|CMAKE_LINK_STARTFILE-NOTFOUND|([^/\]+-)?ld|collect2)[^/\]*( |$)]
  ignore line: [Change Dir: /home/user/work/far4l-1.0/obj-x86_64-linux-gnu/CMakeFiles/CMakeTmp]
  ignore line: []
  ignore line: [Run Build Command(s):/usr/bin/gmake -f Makefile cmTC_65f2f/fast && gmake[1]: Entering directory '/home/user/work/far4l-1.0/obj-x86_64-linux-gnu/CMakeFiles/CMakeTmp']
  ignore line: [/usr/bin/gmake  -f CMakeFiles/cmTC_65f2f.dir/build.make CMakeFiles/cmTC_65f2f.dir/build]
  ignore line: [gmake[2]: Entering directory '/home/user/work/far4l-1.0/obj-x86_64-linux-gnu/CMakeFiles/CMakeTmp']
  ignore line: [Building C object CMakeFiles/cmTC_65f2f.dir/CMakeCCompilerABI.c.o]
  ignore line: [/usr/bin/cc   -g -O2 -ffile-prefix-map=/home/user/work/far4l-1.0=. -flto=auto -ffat-lto-objects -flto=auto -ffat-lto-objects -fstack-protector-strong -Wformat -Wdate-time -D_FORTIFY_SOURCE=2    -v -o CMakeFiles/cmTC_65f2f.dir/CMakeCCompilerABI.c.o -c /usr/share/cmake-3.22/Modules/CMakeCCompilerABI.c]
  ignore line: [Using built-in specs.]
  ignore line: [COLLECT_GCC=/usr/bin/cc]
  ignore line: [OFFLOAD_TARGET_NAMES=nvptx-none:amdgcn-amdhsa]
  ignore line: [OFFLOAD_TARGET_DEFAULT=1]
  ignore line: [Target: x86_64-linux-gnu]
  ignore line: [Configured with: ../src/configure -v --with-pkgversion='Ubuntu 11.3.0-1ubuntu1~22.04' --with-bugurl=file:///usr/share/doc/gcc-11/README.Bugs --enable-languages=c ada c++ go brig d fortran objc obj-c++ m2 --prefix=/usr --with-gcc-major-version-only --program-suffix=-11 --program-prefix=x86_64-linux-gnu- --enable-shared --enable-linker-build-id --libexecdir=/usr/lib --without-included-gettext --enable-threads=posix --libdir=/usr/lib --enable-nls --enable-bootstrap --enable-clocale=gnu --enable-libstdcxx-debug --enable-libstdcxx-time=yes --with-default-libstdcxx-abi=new --enable-gnu-unique-object --disable-vtable-verify --enable-plugin --enable-default-pie --with-system-zlib --enable-libphobos-checking=release --with-target-system-zlib=auto --enable-objc-gc=auto --enable-multiarch --disable-werror --enable-cet --with-arch-32=i686 --with-abi=m64 --with-multilib-list=m32 m64 mx32 --enable-multilib --with-tune=generic --enable-offload-targets=nvptx-none=/build/gcc-11-xKiWfi/gcc-11-11.3.0/debian/tmp-nvptx/usr amdgcn-amdhsa=/build/gcc-11-xKiWfi/gcc-11-11.3.0/debian/tmp-gcn/usr --without-cuda-driver --enable-checking=release --build=x86_64-linux-gnu --host=x86_64-linux-gnu --target=x86_64-linux-gnu --with-build-config=bootstrap-lto-lean --enable-link-serialization=2]
  ignore line: [Thread model: posix]
  ignore line: [Supported LTO compression algorithms: zlib zstd]
  ignore line: [gcc version 11.3.0 (Ubuntu 11.3.0-1ubuntu1~22.04) ]
  ignore line: [COLLECT_GCC_OPTIONS='-g' '-O2' '-ffile-prefix-map=/home/user/work/far4l-1.0=.' '-flto=auto' '-flto=auto' '-ffat-lto-objects' '-fstack-protector-strong' '-Wformat=1' '-Wdate-time' '-D' '_FORTIFY_SOURCE=2' '-v' '-o' 'CMakeFiles/cmTC_65f2f.dir/CMakeCCompilerABI.c.o' '-c' '-mtune=generic' '-march=x86-64' '-dumpdir' 'CMakeFiles/cmTC_65f2f.dir/']
  ignore line: [ /usr/lib/gcc/x86_64-linux-gnu/11/cc1 -quiet -v -imultiarch x86_64-linux-gnu -D _FORTIFY_SOURCE=2 /usr/share/cmake-3.22/Modules/CMakeCCompilerABI.c -quiet -dumpdir CMakeFiles/cmTC_65f2f.dir/ -dumpbase CMakeCCompilerABI.c.c -dumpbase-ext .c -mtune=generic -march=x86-64 -g -O2 -Wformat=1 -Wdate-time -version -ffile-prefix-map=/home/user/work/far4l-1.0=. -flto=auto -flto=auto -ffat-lto-objects -fstack-protector-strong -fasynchronous-unwind-tables -fstack-protector-strong -Wformat -Wformat-security -fstack-clash-protection -fcf-protection -o /tmp/ccVNwnqd.s]
  ignore line: [GNU C17 (Ubuntu 11.3.0-1ubuntu1~22.04) version 11.3.0 (x86_64-linux-gnu)]
  ignore line: [	compiled by GNU C version 11.3.0  GMP version 6.2.1  MPFR version 4.1.0  MPC version 1.2.1  isl version isl-0.24-GMP]
  ignore line: []
  ignore line: [GGC heuristics: --param ggc-min-expand=100 --param ggc-min-heapsize=131072]
  ignore line: [ignoring nonexistent directory "/usr/local/include/x86_64-linux-gnu"]
  ignore line: [ignoring nonexistent directory "/usr/lib/gcc/x86_64-linux-gnu/11/include-fixed"]
  ignore line: [ignoring nonexistent directory "/usr/lib/gcc/x86_64-linux-gnu/11/../../../../x86_64-linux-gnu/include"]
  ignore line: [#include "..." search starts here:]
  ignore line: [#include <...> search starts here:]
  ignore line: [ /usr/lib/gcc/x86_64-linux-gnu/11/include]
  ignore line: [ /usr/local/include]
  ignore line: [ /usr/include/x86_64-linux-gnu]
  ignore line: [ /usr/include]
  ignore line: [End of search list.]
  ignore line: [GNU C17 (Ubuntu 11.3.0-1ubuntu1~22.04) version 11.3.0 (x86_64-linux-gnu)]
  ignore line: [	compiled by GNU C version 11.3.0  GMP version 6.2.1  MPFR version 4.1.0  MPC version 1.2.1  isl version isl-0.24-GMP]
  ignore line: []
  ignore line: [GGC heuristics: --param ggc-min-expand=100 --param ggc-min-heapsize=131072]
  ignore line: [Compiler executable checksum: 3f6cb05d963ad324b8f9442822c95179]
  ignore line: [COLLECT_GCC_OPTIONS='-g' '-O2' '-ffile-prefix-map=/home/user/work/far4l-1.0=.' '-flto=auto' '-flto=auto' '-ffat-lto-objects' '-fstack-protector-strong' '-Wformat=1' '-Wdate-time' '-D' '_FORTIFY_SOURCE=2' '-v' '-o' 'CMakeFiles/cmTC_65f2f.dir/CMakeCCompilerABI.c.o' '-c' '-mtune=generic' '-march=x86-64' '-dumpdir' 'CMakeFiles/cmTC_65f2f.dir/']
  ignore line: [ as -v --gdwarf-5 --64 -o CMakeFiles/cmTC_65f2f.dir/CMakeCCompilerABI.c.o /tmp/ccVNwnqd.s]
  ignore line: [GNU assembler version 2.38 (x86_64-linux-gnu) using BFD version (GNU Binutils for Ubuntu) 2.38]
  ignore line: [COMPILER_PATH=/usr/lib/gcc/x86_64-linux-gnu/11/:/usr/lib/gcc/x86_64-linux-gnu/11/:/usr/lib/gcc/x86_64-linux-gnu/:/usr/lib/gcc/x86_64-linux-gnu/11/:/usr/lib/gcc/x86_64-linux-gnu/]
  ignore line: [LIBRARY_PATH=/usr/lib/gcc/x86_64-linux-gnu/11/:/usr/lib/gcc/x86_64-linux-gnu/11/../../../x86_64-linux-gnu/:/usr/lib/gcc/x86_64-linux-gnu/11/../../../../lib/:/lib/x86_64-linux-gnu/:/lib/../lib/:/usr/lib/x86_64-linux-gnu/:/usr/lib/../lib/:/usr/lib/gcc/x86_64-linux-gnu/11/../../../:/lib/:/usr/lib/]
  ignore line: [COLLECT_GCC_OPTIONS='-g' '-O2' '-ffile-prefix-map=/home/user/work/far4l-1.0=.' '-flto=auto' '-flto=auto' '-ffat-lto-objects' '-fstack-protector-strong' '-Wformat=1' '-Wdate-time' '-D' '_FORTIFY_SOURCE=2' '-v' '-o' 'CMakeFiles/cmTC_65f2f.dir/CMakeCCompilerABI.c.o' '-c' '-mtune=generic' '-march=x86-64' '-dumpdir' 'CMakeFiles/cmTC_65f2f.dir/CMakeCCompilerABI.c.']
  ignore line: [Linking C executable cmTC_65f2f]
  ignore line: [/usr/bin/cmake -E cmake_link_script CMakeFiles/cmTC_65f2f.dir/link.txt --verbose=1]
  ignore line: [/usr/bin/cc -g -O2 -ffile-prefix-map=/home/user/work/far4l-1.0=. -flto=auto -ffat-lto-objects -flto=auto -ffat-lto-objects -fstack-protector-strong -Wformat -Wdate-time -D_FORTIFY_SOURCE=2  -Wl -Bsymbolic-functions -flto=auto -ffat-lto-objects -flto=auto -Wl -z relro -v -rdynamic CMakeFiles/cmTC_65f2f.dir/CMakeCCompilerABI.c.o -o cmTC_65f2f ]
  ignore line: [Using built-in specs.]
  ignore line: [COLLECT_GCC=/usr/bin/cc]
  ignore line: [COLLECT_LTO_WRAPPER=/usr/lib/gcc/x86_64-linux-gnu/11/lto-wrapper]
  ignore line: [OFFLOAD_TARGET_NAMES=nvptx-none:amdgcn-amdhsa]
  ignore line: [OFFLOAD_TARGET_DEFAULT=1]
  ignore line: [Target: x86_64-linux-gnu]
  ignore line: [Configured with: ../src/configure -v --with-pkgversion='Ubuntu 11.3.0-1ubuntu1~22.04' --with-bugurl=file:///usr/share/doc/gcc-11/README.Bugs --enable-languages=c ada c++ go brig d fortran objc obj-c++ m2 --prefix=/usr --with-gcc-major-version-only --program-suffix=-11 --program-prefix=x86_64-linux-gnu- --enable-shared --enable-linker-build-id --libexecdir=/usr/lib --without-included-gettext --enable-threads=posix --libdir=/usr/lib --enable-nls --enable-bootstrap --enable-clocale=gnu --enable-libstdcxx-debug --enable-libstdcxx-time=yes --with-default-libstdcxx-abi=new --enable-gnu-unique-object --disable-vtable-verify --enable-plugin --enable-default-pie --with-system-zlib --enable-libphobos-checking=release --with-target-system-zlib=auto --enable-objc-gc=auto --enable-multiarch --disable-werror --enable-cet --with-arch-32=i686 --with-abi=m64 --with-multilib-list=m32 m64 mx32 --enable-multilib --with-tune=generic --enable-offload-targets=nvptx-none=/build/gcc-11-xKiWfi/gcc-11-11.3.0/debian/tmp-nvptx/usr amdgcn-amdhsa=/build/gcc-11-xKiWfi/gcc-11-11.3.0/debian/tmp-gcn/usr --without-cuda-driver --enable-checking=release --build=x86_64-linux-gnu --host=x86_64-linux-gnu --target=x86_64-linux-gnu --with-build-config=bootstrap-lto-lean --enable-link-serialization=2]
  ignore line: [Thread model: posix]
  ignore line: [Supported LTO compression algorithms: zlib zstd]
  ignore line: [gcc version 11.3.0 (Ubuntu 11.3.0-1ubuntu1~22.04) ]
  ignore line: [COMPILER_PATH=/usr/lib/gcc/x86_64-linux-gnu/11/:/usr/lib/gcc/x86_64-linux-gnu/11/:/usr/lib/gcc/x86_64-linux-gnu/:/usr/lib/gcc/x86_64-linux-gnu/11/:/usr/lib/gcc/x86_64-linux-gnu/]
  ignore line: [LIBRARY_PATH=/usr/lib/gcc/x86_64-linux-gnu/11/:/usr/lib/gcc/x86_64-linux-gnu/11/../../../x86_64-linux-gnu/:/usr/lib/gcc/x86_64-linux-gnu/11/../../../../lib/:/lib/x86_64-linux-gnu/:/lib/../lib/:/usr/lib/x86_64-linux-gnu/:/usr/lib/../lib/:/usr/lib/gcc/x86_64-linux-gnu/11/../../../:/lib/:/usr/lib/]
  ignore line: [COLLECT_GCC_OPTIONS='-g' '-O2' '-ffile-prefix-map=/home/user/work/far4l-1.0=.' '-flto=auto' '-flto=auto' '-fstack-protector-strong' '-Wformat=1' '-Wdate-time' '-D' '_FORTIFY_SOURCE=2' '-flto=auto' '-ffat-lto-objects' '-flto=auto' '-v' '-rdynamic' '-o' 'cmTC_65f2f' '-mtune=generic' '-march=x86-64' '-dumpdir' 'cmTC_65f2f.']
  link line: [ /usr/lib/gcc/x86_64-linux-gnu/11/collect2 -plugin /usr/lib/gcc/x86_64-linux-gnu/11/liblto_plugin.so -plugin-opt=/usr/lib/gcc/x86_64-linux-gnu/11/lto-wrapper -plugin-opt=-fresolution=/tmp/ccBsPbb0.res -plugin-opt=-pass-through=-lgcc -plugin-opt=-pass-through=-lgcc_s -plugin-opt=-pass-through=-lc -plugin-opt=-pass-through=-lgcc -plugin-opt=-pass-through=-lgcc_s -flto=auto -flto=auto -flto=auto -flto=auto --build-id --eh-frame-hdr -m elf_x86_64 --hash-style=gnu --as-needed -export-dynamic -dynamic-linker /lib64/ld-linux-x86-64.so.2 -pie -z now -z relro -o cmTC_65f2f /usr/lib/gcc/x86_64-linux-gnu/11/../../../x86_64-linux-gnu/Scrt1.o /usr/lib/gcc/x86_64-linux-gnu/11/../../../x86_64-linux-gnu/crti.o /usr/lib/gcc/x86_64-linux-gnu/11/crtbeginS.o -L/usr/lib/gcc/x86_64-linux-gnu/11 -L/usr/lib/gcc/x86_64-linux-gnu/11/../../../x86_64-linux-gnu -L/usr/lib/gcc/x86_64-linux-gnu/11/../../../../lib -L/lib/x86_64-linux-gnu -L/lib/../lib -L/usr/lib/x86_64-linux-gnu -L/usr/lib/../lib -L/usr/lib/gcc/x86_64-linux-gnu/11/../../.. -Bsymbolic-functions -z relro CMakeFiles/cmTC_65f2f.dir/CMakeCCompilerABI.c.o -lgcc --push-state --as-needed -lgcc_s --pop-state -lc -lgcc --push-state --as-needed -lgcc_s --pop-state /usr/lib/gcc/x86_64-linux-gnu/11/crtendS.o /usr/lib/gcc/x86_64-linux-gnu/11/../../../x86_64-linux-gnu/crtn.o]
    arg [/usr/lib/gcc/x86_64-linux-gnu/11/collect2] ==> ignore
    arg [-plugin] ==> ignore
    arg [/usr/lib/gcc/x86_64-linux-gnu/11/liblto_plugin.so] ==> ignore
    arg [-plugin-opt=/usr/lib/gcc/x86_64-linux-gnu/11/lto-wrapper] ==> ignore
    arg [-plugin-opt=-fresolution=/tmp/ccBsPbb0.res] ==> ignore
    arg [-plugin-opt=-pass-through=-lgcc] ==> ignore
    arg [-plugin-opt=-pass-through=-lgcc_s] ==> ignore
    arg [-plugin-opt=-pass-through=-lc] ==> ignore
    arg [-plugin-opt=-pass-through=-lgcc] ==> ignore
    arg [-plugin-opt=-pass-through=-lgcc_s] ==> ignore
    arg [-flto=auto] ==> ignore
    arg [-flto=auto] ==> ignore
    arg [-flto=auto] ==> ignore
    arg [-flto=auto] ==> ignore
    arg [--build-id] ==> ignore
    arg [--eh-frame-hdr] ==> ignore
    arg [-m] ==> ignore
    arg [elf_x86_64] ==> ignore
    arg [--hash-style=gnu] ==> ignore
    arg [--as-needed] ==> ignore
    arg [-export-dynamic] ==> ignore
    arg [-dynamic-linker] ==> ignore
    arg [/lib64/ld-linux-x86-64.so.2] ==> ignore
    arg [-pie] ==> ignore
    arg [-znow] ==> ignore
    arg [-zrelro] ==> ignore
    arg [-o] ==> ignore
    arg [cmTC_65f2f] ==> ignore
    arg [/usr/lib/gcc/x86_64-linux-gnu/11/../../../x86_64-linux-gnu/Scrt1.o] ==> obj [/usr/lib/gcc/x86_64-linux-gnu/11/../../../x86_64-linux-gnu/Scrt1.o]
    arg [/usr/lib/gcc/x86_64-linux-gnu/11/../../../x86_64-linux-gnu/crti.o] ==> obj [/usr/lib/gcc/x86_64-linux-gnu/11/../../../x86_64-linux-gnu/crti.o]
    arg [/usr/lib/gcc/x86_64-linux-gnu/11/crtbeginS.o] ==> obj [/usr/lib/gcc/x86_64-linux-gnu/11/crtbeginS.o]
    arg [-L/usr/lib/gcc/x86_64-linux-gnu/11] ==> dir [/usr/lib/gcc/x86_64-linux-gnu/11]
    arg [-L/usr/lib/gcc/x86_64-linux-gnu/11/../../../x86_64-linux-gnu] ==> dir [/usr/lib/gcc/x86_64-linux-gnu/11/../../../x86_64-linux-gnu]
    arg [-L/usr/lib/gcc/x86_64-linux-gnu/11/../../../../lib] ==> dir [/usr/lib/gcc/x86_64-linux-gnu/11/../../../../lib]
    arg [-L/lib/x86_64-linux-gnu] ==> dir [/lib/x86_64-linux-gnu]
    arg [-L/lib/../lib] ==> dir [/lib/../lib]
    arg [-L/usr/lib/x86_64-linux-gnu] ==> dir [/usr/lib/x86_64-linux-gnu]
    arg [-L/usr/lib/../lib] ==> dir [/usr/lib/../lib]
    arg [-L/usr/lib/gcc/x86_64-linux-gnu/11/../../..] ==> dir [/usr/lib/gcc/x86_64-linux-gnu/11/../../..]
    arg [-Bsymbolic-functions] ==> ignore
    arg [-zrelro] ==> ignore
    arg [CMakeFiles/cmTC_65f2f.dir/CMakeCCompilerABI.c.o] ==> ignore
    arg [-lgcc] ==> lib [gcc]
    arg [--push-state] ==> ignore
    arg [--as-needed] ==> ignore
    arg [-lgcc_s] ==> lib [gcc_s]
    arg [--pop-state] ==> ignore
    arg [-lc] ==> lib [c]
    arg [-lgcc] ==> lib [gcc]
    arg [--push-state] ==> ignore
    arg [--as-needed] ==> ignore
    arg [-lgcc_s] ==> lib [gcc_s]
    arg [--pop-state] ==> ignore
    arg [/usr/lib/gcc/x86_64-linux-gnu/11/crtendS.o] ==> obj [/usr/lib/gcc/x86_64-linux-gnu/11/crtendS.o]
    arg [/usr/lib/gcc/x86_64-linux-gnu/11/../../../x86_64-linux-gnu/crtn.o] ==> obj [/usr/lib/gcc/x86_64-linux-gnu/11/../../../x86_64-linux-gnu/crtn.o]
  collapse obj [/usr/lib/gcc/x86_64-linux-gnu/11/../../../x86_64-linux-gnu/Scrt1.o] ==> [/usr/lib/x86_64-linux-gnu/Scrt1.o]
  collapse obj [/usr/lib/gcc/x86_64-linux-gnu/11/../../../x86_64-linux-gnu/crti.o] ==> [/usr/lib/x86_64-linux-gnu/crti.o]
  collapse obj [/usr/lib/gcc/x86_64-linux-gnu/11/../../../x86_64-linux-gnu/crtn.o] ==> [/usr/lib/x86_64-linux-gnu/crtn.o]
  collapse library dir [/usr/lib/gcc/x86_64-linux-gnu/11] ==> [/usr/lib/gcc/x86_64-linux-gnu/11]
  collapse library dir [/usr/lib/gcc/x86_64-linux-gnu/11/../../../x86_64-linux-gnu] ==> [/usr/lib/x86_64-linux-gnu]
  collapse library dir [/usr/lib/gcc/x86_64-linux-gnu/11/../../../../lib] ==> [/usr/lib]
  collapse library dir [/lib/x86_64-linux-gnu] ==> [/lib/x86_64-linux-gnu]
  collapse library dir [/lib/../lib] ==> [/lib]
  collapse library dir [/usr/lib/x86_64-linux-gnu] ==> [/usr/lib/x86_64-linux-gnu]
  collapse library dir [/usr/lib/../lib] ==> [/usr/lib]
  collapse library dir [/usr/lib/gcc/x86_64-linux-gnu/11/../../..] ==> [/usr/lib]
  implicit libs: [gcc;gcc_s;c;gcc;gcc_s]
  implicit objs: [/usr/lib/x86_64-linux-gnu/Scrt1.o;/usr/lib/x86_64-linux-gnu/crti.o;/usr/lib/gcc/x86_64-linux-gnu/11/crtbeginS.o;/usr/lib/gcc/x86_64-linux-gnu/11/crtendS.o;/usr/lib/x86_64-linux-gnu/crtn.o]
  implicit dirs: [/usr/lib/gcc/x86_64-linux-gnu/11;/usr/lib/x86_64-linux-gnu;/usr/lib;/lib/x86_64-linux-gnu;/lib]
  implicit fwks: []


Detecting CXX compiler ABI info compiled with the following output:
Change Dir: /home/user/work/far4l-1.0/obj-x86_64-linux-gnu/CMakeFiles/CMakeTmp

Run Build Command(s):/usr/bin/gmake -f Makefile cmTC_eefc8/fast && gmake[1]: Entering directory '/home/user/work/far4l-1.0/obj-x86_64-linux-gnu/CMakeFiles/CMakeTmp'
/usr/bin/gmake  -f CMakeFiles/cmTC_eefc8.dir/build.make CMakeFiles/cmTC_eefc8.dir/build
gmake[2]: Entering directory '/home/user/work/far4l-1.0/obj-x86_64-linux-gnu/CMakeFiles/CMakeTmp'
Building CXX object CMakeFiles/cmTC_eefc8.dir/CMakeCXXCompilerABI.cpp.o
/usr/bin/c++   -g -O2 -ffile-prefix-map=/home/user/work/far4l-1.0=. -flto=auto -ffat-lto-objects -flto=auto -ffat-lto-objects -fstack-protector-strong -Wformat -Wdate-time -D_FORTIFY_SOURCE=2    -v -o CMakeFiles/cmTC_eefc8.dir/CMakeCXXCompilerABI.cpp.o -c /usr/share/cmake-3.22/Modules/CMakeCXXCompilerABI.cpp
Using built-in specs.
COLLECT_GCC=/usr/bin/c++
OFFLOAD_TARGET_NAMES=nvptx-none:amdgcn-amdhsa
OFFLOAD_TARGET_DEFAULT=1
Target: x86_64-linux-gnu
Configured with: ../src/configure -v --with-pkgversion='Ubuntu 11.3.0-1ubuntu1~22.04' --with-bugurl=file:///usr/share/doc/gcc-11/README.Bugs --enable-languages=c,ada,c++,go,brig,d,fortran,objc,obj-c++,m2 --prefix=/usr --with-gcc-major-version-only --program-suffix=-11 --program-prefix=x86_64-linux-gnu- --enable-shared --enable-linker-build-id --libexecdir=/usr/lib --without-included-gettext --enable-threads=posix --libdir=/usr/lib --enable-nls --enable-bootstrap --enable-clocale=gnu --enable-libstdcxx-debug --enable-libstdcxx-time=yes --with-default-libstdcxx-abi=new --enable-gnu-unique-object --disable-vtable-verify --enable-plugin --enable-default-pie --with-system-zlib --enable-libphobos-checking=release --with-target-system-zlib=auto --enable-objc-gc=auto --enable-multiarch --disable-werror --enable-cet --with-arch-32=i686 --with-abi=m64 --with-multilib-list=m32,m64,mx32 --enable-multilib --with-tune=generic --enable-offload-targets=nvptx-none=/build/gcc-11-xKiWfi/gcc-11-11.3.0/debian/tmp-nvptx/usr,amdgcn-amdhsa=/build/gcc-11-xKiWfi/gcc-11-11.3.0/debian/tmp-gcn/usr --without-cuda-driver --enable-checking=release --build=x86_64-linux-gnu --host=x86_64-linux-gnu --target=x86_64-linux-gnu --with-build-config=bootstrap-lto-lean --enable-link-serialization=2
Thread model: posix
Supported LTO compression algorithms: zlib zstd
gcc version 11.3.0 (Ubuntu 11.3.0-1ubuntu1~22.04) 
COLLECT_GCC_OPTIONS='-g' '-O2' '-ffile-prefix-map=/home/user/work/far4l-1.0=.' '-flto=auto' '-flto=auto' '-ffat-lto-objects' '-fstack-protector-strong' '-Wformat=1' '-Wdate-time' '-D' '_FORTIFY_SOURCE=2' '-v' '-o' 'CMakeFiles/cmTC_eefc8.dir/CMakeCXXCompilerABI.cpp.o' '-c' '-shared-libgcc' '-mtune=generic' '-march=x86-64' '-dumpdir' 'CMakeFiles/cmTC_eefc8.dir/'
 /usr/lib/gcc/x86_64-linux-gnu/11/cc1plus -quiet -v -imultiarch x86_64-linux-gnu -D_GNU_SOURCE -D _FORTIFY_SOURCE=2 /usr/share/cmake-3.22/Modules/CMakeCXXCompilerABI.cpp -quiet -dumpdir CMakeFiles/cmTC_eefc8.dir/ -dumpbase CMakeCXXCompilerABI.cpp.cpp -dumpbase-ext .cpp -mtune=generic -march=x86-64 -g -O2 -Wformat=1 -Wdate-time -version -ffile-prefix-map=/home/user/work/far4l-1.0=. -flto=auto -flto=auto -ffat-lto-objects -fstack-protector-strong -fasynchronous-unwind-tables -fstack-protector-strong -Wformat -Wformat-security -fstack-clash-protection -fcf-protection -o /tmp/ccvCQypn.s
GNU C++17 (Ubuntu 11.3.0-1ubuntu1~22.04) version 11.3.0 (x86_64-linux-gnu)
	compiled by GNU C version 11.3.0, GMP version 6.2.1, MPFR version 4.1.0, MPC version 1.2.1, isl version isl-0.24-GMP

GGC heuristics: --param ggc-min-expand=100 --param ggc-min-heapsize=131072
ignoring duplicate directory "/usr/include/x86_64-linux-gnu/c++/11"
ignoring nonexistent directory "/usr/local/include/x86_64-linux-gnu"
ignoring nonexistent directory "/usr/lib/gcc/x86_64-linux-gnu/11/include-fixed"
ignoring nonexistent directory "/usr/lib/gcc/x86_64-linux-gnu/11/../../../../x86_64-linux-gnu/include"
#include "..." search starts here:
#include <...> search starts here:
 /usr/include/c++/11
 /usr/include/x86_64-linux-gnu/c++/11
 /usr/include/c++/11/backward
 /usr/lib/gcc/x86_64-linux-gnu/11/include
 /usr/local/include
 /usr/include/x86_64-linux-gnu
 /usr/include
End of search list.
GNU C++17 (Ubuntu 11.3.0-1ubuntu1~22.04) version 11.3.0 (x86_64-linux-gnu)
	compiled by GNU C version 11.3.0, GMP version 6.2.1, MPFR version 4.1.0, MPC version 1.2.1, isl version isl-0.24-GMP

GGC heuristics: --param ggc-min-expand=100 --param ggc-min-heapsize=131072
Compiler executable checksum: 449548cbb29044828dc7ea158b577b98
COLLECT_GCC_OPTIONS='-g' '-O2' '-ffile-prefix-map=/home/user/work/far4l-1.0=.' '-flto=auto' '-flto=auto' '-ffat-lto-objects' '-fstack-protector-strong' '-Wformat=1' '-Wdate-time' '-D' '_FORTIFY_SOURCE=2' '-v' '-o' 'CMakeFiles/cmTC_eefc8.dir/CMakeCXXCompilerABI.cpp.o' '-c' '-shared-libgcc' '-mtune=generic' '-march=x86-64' '-dumpdir' 'CMakeFiles/cmTC_eefc8.dir/'
 as -v --gdwarf-5 --64 -o CMakeFiles/cmTC_eefc8.dir/CMakeCXXCompilerABI.cpp.o /tmp/ccvCQypn.s
GNU assembler version 2.38 (x86_64-linux-gnu) using BFD version (GNU Binutils for Ubuntu) 2.38
COMPILER_PATH=/usr/lib/gcc/x86_64-linux-gnu/11/:/usr/lib/gcc/x86_64-linux-gnu/11/:/usr/lib/gcc/x86_64-linux-gnu/:/usr/lib/gcc/x86_64-linux-gnu/11/:/usr/lib/gcc/x86_64-linux-gnu/
LIBRARY_PATH=/usr/lib/gcc/x86_64-linux-gnu/11/:/usr/lib/gcc/x86_64-linux-gnu/11/../../../x86_64-linux-gnu/:/usr/lib/gcc/x86_64-linux-gnu/11/../../../../lib/:/lib/x86_64-linux-gnu/:/lib/../lib/:/usr/lib/x86_64-linux-gnu/:/usr/lib/../lib/:/usr/lib/gcc/x86_64-linux-gnu/11/../../../:/lib/:/usr/lib/
COLLECT_GCC_OPTIONS='-g' '-O2' '-ffile-prefix-map=/home/user/work/far4l-1.0=.' '-flto=auto' '-flto=auto' '-ffat-lto-objects' '-fstack-protector-strong' '-Wformat=1' '-Wdate-time' '-D' '_FORTIFY_SOURCE=2' '-v' '-o' 'CMakeFiles/cmTC_eefc8.dir/CMakeCXXCompilerABI.cpp.o' '-c' '-shared-libgcc' '-mtune=generic' '-march=x86-64' '-dumpdir' 'CMakeFiles/cmTC_eefc8.dir/CMakeCXXCompilerABI.cpp.'
Linking CXX executable cmTC_eefc8
/usr/bin/cmake -E cmake_link_script CMakeFiles/cmTC_eefc8.dir/link.txt --verbose=1
/usr/bin/c++ -g -O2 -ffile-prefix-map=/home/user/work/far4l-1.0=. -flto=auto -ffat-lto-objects -flto=auto -ffat-lto-objects -fstack-protector-strong -Wformat -Wdate-time -D_FORTIFY_SOURCE=2  -Wl,-Bsymbolic-functions -flto=auto -ffat-lto-objects -flto=auto -Wl,-z,relro -v -rdynamic CMakeFiles/cmTC_eefc8.dir/CMakeCXXCompilerABI.cpp.o -o cmTC_eefc8 
Using built-in specs.
COLLECT_GCC=/usr/bin/c++
COLLECT_LTO_WRAPPER=/usr/lib/gcc/x86_64-linux-gnu/11/lto-wrapper
OFFLOAD_TARGET_NAMES=nvptx-none:amdgcn-amdhsa
OFFLOAD_TARGET_DEFAULT=1
Target: x86_64-linux-gnu
Configured with: ../src/configure -v --with-pkgversion='Ubuntu 11.3.0-1ubuntu1~22.04' --with-bugurl=file:///usr/share/doc/gcc-11/README.Bugs --enable-languages=c,ada,c++,go,brig,d,fortran,objc,obj-c++,m2 --prefix=/usr --with-gcc-major-version-only --program-suffix=-11 --program-prefix=x86_64-linux-gnu- --enable-shared --enable-linker-build-id --libexecdir=/usr/lib --without-included-gettext --enable-threads=posix --libdir=/usr/lib --enable-nls --enable-bootstrap --enable-clocale=gnu --enable-libstdcxx-debug --enable-libstdcxx-time=yes --with-default-libstdcxx-abi=new --enable-gnu-unique-object --disable-vtable-verify --enable-plugin --enable-default-pie --with-system-zlib --enable-libphobos-checking=release --with-target-system-zlib=auto --enable-objc-gc=auto --enable-multiarch --disable-werror --enable-cet --with-arch-32=i686 --with-abi=m64 --with-multilib-list=m32,m64,mx32 --enable-multilib --with-tune=generic --enable-offload-targets=nvptx-none=/build/gcc-11-xKiWfi/gcc-11-11.3.0/debian/tmp-nvptx/usr,amdgcn-amdhsa=/build/gcc-11-xKiWfi/gcc-11-11.3.0/debian/tmp-gcn/usr --without-cuda-driver --enable-checking=release --build=x86_64-linux-gnu --host=x86_64-linux-gnu --target=x86_64-linux-gnu --with-build-config=bootstrap-lto-lean --enable-link-serialization=2
Thread model: posix
Supported LTO compression algorithms: zlib zstd
gcc version 11.3.0 (Ubuntu 11.3.0-1ubuntu1~22.04) 
COMPILER_PATH=/usr/lib/gcc/x86_64-linux-gnu/11/:/usr/lib/gcc/x86_64-linux-gnu/11/:/usr/lib/gcc/x86_64-linux-gnu/:/usr/lib/gcc/x86_64-linux-gnu/11/:/usr/lib/gcc/x86_64-linux-gnu/
LIBRARY_PATH=/usr/lib/gcc/x86_64-linux-gnu/11/:/usr/lib/gcc/x86_64-linux-gnu/11/../../../x86_64-linux-gnu/:/usr/lib/gcc/x86_64-linux-gnu/11/../../../../lib/:/lib/x86_64-linux-gnu/:/lib/../lib/:/usr/lib/x86_64-linux-gnu/:/usr/lib/../lib/:/usr/lib/gcc/x86_64-linux-gnu/11/../../../:/lib/:/usr/lib/
COLLECT_GCC_OPTIONS='-g' '-O2' '-ffile-prefix-map=/home/user/work/far4l-1.0=.' '-flto=auto' '-flto=auto' '-fstack-protector-strong' '-Wformat=1' '-Wdate-time' '-D' '_FORTIFY_SOURCE=2' '-flto=auto' '-ffat-lto-objects' '-flto=auto' '-v' '-rdynamic' '-o' 'cmTC_eefc8' '-shared-libgcc' '-mtune=generic' '-march=x86-64' '-dumpdir' 'cmTC_eefc8.'
 /usr/lib/gcc/x86_64-linux-gnu/11/collect2 -plugin /usr/lib/gcc/x86_64-linux-gnu/11/liblto_plugin.so -plugin-opt=/usr/lib/gcc/x86_64-linux-gnu/11/lto-wrapper -plugin-opt=-fresolution=/tmp/ccO7V000.res -plugin-opt=-pass-through=-lgcc_s -plugin-opt=-pass-through=-lgcc -plugin-opt=-pass-through=-lc -plugin-opt=-pass-through=-lgcc_s -plugin-opt=-pass-through=-lgcc -flto=auto -flto=auto -flto=auto -flto=auto --build-id --eh-frame-hdr -m elf_x86_64 --hash-style=gnu --as-needed -export-dynamic -dynamic-linker /lib64/ld-linux-x86-64.so.2 -pie -z now -z relro -o cmTC_eefc8 /usr/lib/gcc/x86_64-linux-gnu/11/../../../x86_64-linux-gnu/Scrt1.o /usr/lib/gcc/x86_64-linux-gnu/11/../../../x86_64-linux-gnu/crti.o /usr/lib/gcc/x86_64-linux-gnu/11/crtbeginS.o -L/usr/lib/gcc/x86_64-linux-gnu/11 -L/usr/lib/gcc/x86_64-linux-gnu/11/../../../x86_64-linux-gnu -L/usr/lib/gcc/x86_64-linux-gnu/11/../../../../lib -L/lib/x86_64-linux-gnu -L/lib/../lib -L/usr/lib/x86_64-linux-gnu -L/usr/lib/../lib -L/usr/lib/gcc/x86_64-linux-gnu/11/../../.. -Bsymbolic-functions -z relro CMakeFiles/cmTC_eefc8.dir/CMakeCXXCompilerABI.cpp.o -lstdc++ -lm -lgcc_s -lgcc -lc -lgcc_s -lgcc /usr/lib/gcc/x86_64-linux-gnu/11/crtendS.o /usr/lib/gcc/x86_64-linux-gnu/11/../../../x86_64-linux-gnu/crtn.o
/usr/lib/gcc/x86_64-linux-gnu/11/lto-wrapper -fresolution=/tmp/ccO7V000.res -flinker-output=pie CMakeFiles/cmTC_eefc8.dir/CMakeCXXCompilerABI.cpp.o 
/usr/lib/gcc/x86_64-linux-gnu/11/lto-wrapper -fresolution=/tmp/ccO7V000.res -flinker-output=pie CMakeFiles/cmTC_eefc8.dir/CMakeCXXCompilerABI.cpp.o 
LTO parallelism level set to 7
/usr/bin/c++ @/tmp/ccp2y4k9
Using built-in specs.
COLLECT_GCC=/usr/bin/c++
OFFLOAD_TARGET_NAMES=nvptx-none:amdgcn-amdhsa
OFFLOAD_TARGET_DEFAULT=1
Target: x86_64-linux-gnu
Configured with: ../src/configure -v --with-pkgversion='Ubuntu 11.3.0-1ubuntu1~22.04' --with-bugurl=file:///usr/share/doc/gcc-11/README.Bugs --enable-languages=c,ada,c++,go,brig,d,fortran,objc,obj-c++,m2 --prefix=/usr --with-gcc-major-version-only --program-suffix=-11 --program-prefix=x86_64-linux-gnu- --enable-shared --enable-linker-build-id --libexecdir=/usr/lib --without-included-gettext --enable-threads=posix --libdir=/usr/lib --enable-nls --enable-bootstrap --enable-clocale=gnu --enable-libstdcxx-debug --enable-libstdcxx-time=yes --with-default-libstdcxx-abi=new --enable-gnu-unique-object --disable-vtable-verify --enable-plugin --enable-default-pie --with-system-zlib --enable-libphobos-checking=release --with-target-system-zlib=auto --enable-objc-gc=auto --enable-multiarch --disable-werror --enable-cet --with-arch-32=i686 --with-abi=m64 --with-multilib-list=m32,m64,mx32 --enable-multilib --with-tune=generic --enable-offload-targets=nvptx-none=/build/gcc-11-xKiWfi/gcc-11-11.3.0/debian/tmp-nvptx/usr,amdgcn-amdhsa=/build/gcc-11-xKiWfi/gcc-11-11.3.0/debian/tmp-gcn/usr --without-cuda-driver --enable-checking=release --build=x86_64-linux-gnu --host=x86_64-linux-gnu --target=x86_64-linux-gnu --with-build-config=bootstrap-lto-lean --enable-link-serialization=2
Thread model: posix
Supported LTO compression algorithms: zlib zstd
gcc version 11.3.0 (Ubuntu 11.3.0-1ubuntu1~22.04) 
COLLECT_GCC_OPTIONS='-c' '-fno-openmp' '-fno-openacc' '-fPIC' '-g' '-O2' '-fcf-protection=full' '-g' '-O2' '-ffile-prefix-map=/home/user/work/far4l-1.0=.' '-fstack-protector-strong' '-ffat-lto-objects' '-v' '-rdynamic' '-shared-libgcc' '-mtune=generic' '-march=x86-64'   '-fltrans-output-list=/tmp/cculKVDb.ltrans.out' '-fwpa=7' '-fresolution=/tmp/ccO7V000.res' '-flinker-output=pie' '-shared-libgcc'
 /usr/lib/gcc/x86_64-linux-gnu/11/lto1 -quiet -dumpbase ./cmTC_eefc8.wpa -mtune=generic -march=x86-64 -g -g -O2 -O2 -version -fno-openmp -fno-openacc -fPIC -fcf-protection=full -ffile-prefix-map=/home/user/work/far4l-1.0=. -fstack-protector-strong -ffat-lto-objects -fltrans-output-list=/tmp/cculKVDb.ltrans.out -fwpa=7 -fresolution=/tmp/ccO7V000.res -flinker-output=pie @/tmp/ccG75fqT
GNU GIMPLE (Ubuntu 11.3.0-1ubuntu1~22.04) version 11.3.0 (x86_64-linux-gnu)
	compiled by GNU C version 11.3.0, GMP version 6.2.1, MPFR version 4.1.0, MPC version 1.2.1, isl version isl-0.24-GMP

GGC heuristics: --param ggc-min-expand=100 --param ggc-min-heapsize=131072
GNU GIMPLE (Ubuntu 11.3.0-1ubuntu1~22.04) version 11.3.0 (x86_64-linux-gnu)
	compiled by GNU C version 11.3.0, GMP version 6.2.1, MPFR version 4.1.0, MPC version 1.2.1, isl version isl-0.24-GMP

GGC heuristics: --param ggc-min-expand=100 --param ggc-min-heapsize=131072
COMPILER_PATH=/usr/lib/gcc/x86_64-linux-gnu/11/:/usr/lib/gcc/x86_64-linux-gnu/11/:/usr/lib/gcc/x86_64-linux-gnu/:/usr/lib/gcc/x86_64-linux-gnu/11/:/usr/lib/gcc/x86_64-linux-gnu/:/usr/lib/gcc/x86_64-linux-gnu/11/:/usr/lib/gcc/x86_64-linux-gnu/11/:/usr/lib/gcc/x86_64-linux-gnu/:/usr/lib/gcc/x86_64-linux-gnu/11/:/usr/lib/gcc/x86_64-linux-gnu/
LIBRARY_PATH=/usr/lib/gcc/x86_64-linux-gnu/11/../../../../lib/x86_64-linux-gnu/:/usr/lib/gcc/x86_64-linux-gnu/11/../../../../lib/../lib/:/lib/../lib/x86_64-linux-gnu/:/lib/../lib/../lib/:/usr/lib/../lib/x86_64-linux-gnu/:/usr/lib/../lib/../lib/:/usr/lib/gcc/x86_64-linux-gnu/11/../../../x86_64-linux-gnu/:/usr/lib/gcc/x86_64-linux-gnu/11/../../../../lib/:/lib/x86_64-linux-gnu/:/lib/../lib/:/usr/lib/x86_64-linux-gnu/:/usr/lib/../lib/:/usr/lib/gcc/x86_64-linux-gnu/11/:/usr/lib/gcc/x86_64-linux-gnu/11/../../../x86_64-linux-gnu/:/usr/lib/gcc/x86_64-linux-gnu/11/../../../../lib/:/lib/x86_64-linux-gnu/:/lib/../lib/:/usr/lib/x86_64-linux-gnu/:/usr/lib/../lib/:/usr/lib/gcc/x86_64-linux-gnu/11/:/usr/lib/gcc/x86_64-linux-gnu/11/../../../x86_64-linux-gnu/:/usr/lib/gcc/x86_64-linux-gnu/11/../../../../lib/:/lib/x86_64-linux-gnu/:/lib/../lib/:/usr/lib/x86_64-linux-gnu/:/usr/lib/../lib/:/usr/lib/gcc/x86_64-linux-gnu/11/../../../:/lib/:/usr/lib/:/usr/lib/gcc/x86_64-linux-gnu/11/../../../:/lib/:/usr/lib/
COLLECT_GCC_OPTIONS='-c' '-fno-openmp' '-fno-openacc' '-fPIC' '-g' '-O2' '-fcf-protection=full' '-g' '-O2' '-ffile-prefix-map=/home/user/work/far4l-1.0=.' '-fstack-protector-strong' '-ffat-lto-objects' '-v' '-rdynamic' '-shared-libgcc' '-mtune=generic' '-march=x86-64'   '-fltrans-output-list=/tmp/cculKVDb.ltrans.out' '-fwpa=7' '-fresolution=/tmp/ccO7V000.res' '-flinker-output=pie' '-shared-libgcc' '-dumpdir' './cmTC_eefc8.wpa.'
make -f /tmp/ccbrkjK3.mk -j7 all
Using built-in specs.
COLLECT_GCC=/usr/bin/c++
OFFLOAD_TARGET_NAMES=nvptx-none:amdgcn-amdhsa
OFFLOAD_TARGET_DEFAULT=1
Target: x86_64-linux-gnu
Configured with: ../src/configure -v --with-pkgversion='Ubuntu 11.3.0-1ubuntu1~22.04' --with-bugurl=file:///usr/share/doc/gcc-11/README.Bugs --enable-languages=c,ada,c++,go,brig,d,fortran,objc,obj-c++,m2 --prefix=/usr --with-gcc-major-version-only --program-suffix=-11 --program-prefix=x86_64-linux-gnu- --enable-shared --enable-linker-build-id --libexecdir=/usr/lib --without-included-gettext --enable-threads=posix --libdir=/usr/lib --enable-nls --enable-bootstrap --enable-clocale=gnu --enable-libstdcxx-debug --enable-libstdcxx-time=yes --with-default-libstdcxx-abi=new --enable-gnu-unique-object --disable-vtable-verify --enable-plugin --enable-default-pie --with-system-zlib --enable-libphobos-checking=release --with-target-system-zlib=auto --enable-objc-gc=auto --enable-multiarch --disable-werror --enable-cet --with-arch-32=i686 --with-abi=m64 --with-multilib-list=m32,m64,mx32 --enable-multilib --with-tune=generic --enable-offload-targets=nvptx-none=/build/gcc-11-xKiWfi/gcc-11-11.3.0/debian/tmp-nvptx/usr,amdgcn-amdhsa=/build/gcc-11-xKiWfi/gcc-11-11.3.0/debian/tmp-gcn/usr --without-cuda-driver --enable-checking=release --build=x86_64-linux-gnu --host=x86_64-linux-gnu --target=x86_64-linux-gnu --with-build-config=bootstrap-lto-lean --enable-link-serialization=2
Thread model: posix
Supported LTO compression algorithms: zlib zstd
gcc version 11.3.0 (Ubuntu 11.3.0-1ubuntu1~22.04) 
COLLECT_GCC_OPTIONS='-c' '-fno-openmp' '-fno-openacc' '-fPIC' '-g' '-O2' '-fcf-protection=full' '-g' '-O2' '-ffile-prefix-map=/home/user/work/far4l-1.0=.' '-fstack-protector-strong' '-ffat-lto-objects' '-v' '-rdynamic' '-shared-libgcc' '-mtune=generic' '-march=x86-64'   '-fltrans' '-o' '/tmp/cculKVDb.ltrans0.ltrans.o' '-shared-libgcc'
 /usr/lib/gcc/x86_64-linux-gnu/11/lto1 -quiet -dumpbase ./cmTC_eefc8.ltrans0.ltrans -mtune=generic -march=x86-64 -g -g -O2 -O2 -version -fno-openmp -fno-openacc -fPIC -fcf-protection=full -ffile-prefix-map=/home/user/work/far4l-1.0=. -fstack-protector-strong -ffat-lto-objects -fltrans /tmp/cculKVDb.ltrans0.o -o /tmp/ccaZ9Z6O.s
GNU GIMPLE (Ubuntu 11.3.0-1ubuntu1~22.04) version 11.3.0 (x86_64-linux-gnu)
	compiled by GNU C version 11.3.0, GMP version 6.2.1, MPFR version 4.1.0, MPC version 1.2.1, isl version isl-0.24-GMP

GGC heuristics: --param ggc-min-expand=100 --param ggc-min-heapsize=131072
GNU GIMPLE (Ubuntu 11.3.0-1ubuntu1~22.04) version 11.3.0 (x86_64-linux-gnu)
	compiled by GNU C version 11.3.0, GMP version 6.2.1, MPFR version 4.1.0, MPC version 1.2.1, isl version isl-0.24-GMP

GGC heuristics: --param ggc-min-expand=100 --param ggc-min-heapsize=131072
COLLECT_GCC_OPTIONS='-c' '-fno-openmp' '-fno-openacc' '-fPIC' '-g' '-O2' '-fcf-protection=full' '-g' '-O2' '-ffile-prefix-map=/home/user/work/far4l-1.0=.' '-fstack-protector-strong' '-ffat-lto-objects' '-v' '-rdynamic' '-shared-libgcc' '-mtune=generic' '-march=x86-64'   '-fltrans' '-o' '/tmp/cculKVDb.ltrans0.ltrans.o' '-shared-libgcc'
 as -v --gdwarf-5 --64 -o /tmp/cculKVDb.ltrans0.ltrans.o /tmp/ccaZ9Z6O.s
GNU assembler version 2.38 (x86_64-linux-gnu) using BFD version (GNU Binutils for Ubuntu) 2.38
MAKEFLAGS=w -j7 
COMPILER_PATH=/usr/lib/gcc/x86_64-linux-gnu/11/:/usr/lib/gcc/x86_64-linux-gnu/11/:/usr/lib/gcc/x86_64-linux-gnu/:/usr/lib/gcc/x86_64-linux-gnu/11/:/usr/lib/gcc/x86_64-linux-gnu/:/usr/lib/gcc/x86_64-linux-gnu/11/:/usr/lib/gcc/x86_64-linux-gnu/11/:/usr/lib/gcc/x86_64-linux-gnu/:/usr/lib/gcc/x86_64-linux-gnu/11/:/usr/lib/gcc/x86_64-linux-gnu/
LIBRARY_PATH=/usr/lib/gcc/x86_64-linux-gnu/11/../../../../lib/x86_64-linux-gnu/:/usr/lib/gcc/x86_64-linux-gnu/11/../../../../lib/../lib/:/lib/../lib/x86_64-linux-gnu/:/lib/../lib/../lib/:/usr/lib/../lib/x86_64-linux-gnu/:/usr/lib/../lib/../lib/:/usr/lib/gcc/x86_64-linux-gnu/11/../../../x86_64-linux-gnu/:/usr/lib/gcc/x86_64-linux-gnu/11/../../../../lib/:/lib/x86_64-linux-gnu/:/lib/../lib/:/usr/lib/x86_64-linux-gnu/:/usr/lib/../lib/:/usr/lib/gcc/x86_64-linux-gnu/11/:/usr/lib/gcc/x86_64-linux-gnu/11/../../../x86_64-linux-gnu/:/usr/lib/gcc/x86_64-linux-gnu/11/../../../../lib/:/lib/x86_64-linux-gnu/:/lib/../lib/:/usr/lib/x86_64-linux-gnu/:/usr/lib/../lib/:/usr/lib/gcc/x86_64-linux-gnu/11/:/usr/lib/gcc/x86_64-linux-gnu/11/../../../x86_64-linux-gnu/:/usr/lib/gcc/x86_64-linux-gnu/11/../../../../lib/:/lib/x86_64-linux-gnu/:/lib/../lib/:/usr/lib/x86_64-linux-gnu/:/usr/lib/../lib/:/usr/lib/gcc/x86_64-linux-gnu/11/../../../:/lib/:/usr/lib/:/usr/lib/gcc/x86_64-linux-gnu/11/../../../:/lib/:/usr/lib/
COLLECT_GCC_OPTIONS='-c' '-fno-openmp' '-fno-openacc' '-fPIC' '-g' '-O2' '-fcf-protection=full' '-g' '-O2' '-ffile-prefix-map=/home/user/work/far4l-1.0=.' '-fstack-protector-strong' '-ffat-lto-objects' '-v' '-rdynamic' '-shared-libgcc' '-mtune=generic' '-march=x86-64'   '-fltrans' '-o' '/tmp/cculKVDb.ltrans0.ltrans.o' '-shared-libgcc' '-dumpdir' './cmTC_eefc8.ltrans0.ltrans.'
COLLECT_GCC_OPTIONS='-g' '-O2' '-ffile-prefix-map=/home/user/work/far4l-1.0=.' '-flto=auto' '-flto=auto' '-fstack-protector-strong' '-Wformat=1' '-Wdate-time' '-D' '_FORTIFY_SOURCE=2' '-flto=auto' '-ffat-lto-objects' '-flto=auto' '-v' '-rdynamic' '-o' 'cmTC_eefc8' '-shared-libgcc' '-mtune=generic' '-march=x86-64' '-dumpdir' 'cmTC_eefc8.'
gmake[2]: Leaving directory '/home/user/work/far4l-1.0/obj-x86_64-linux-gnu/CMakeFiles/CMakeTmp'
gmake[1]: Leaving directory '/home/user/work/far4l-1.0/obj-x86_64-linux-gnu/CMakeFiles/CMakeTmp'



Parsed CXX implicit include dir info from above output: rv=done
  found start of include info
  found start of implicit include info
    add: [/usr/include/c++/11]
    add: [/usr/include/x86_64-linux-gnu/c++/11]
    add: [/usr/include/c++/11/backward]
    add: [/usr/lib/gcc/x86_64-linux-gnu/11/include]
    add: [/usr/local/include]
    add: [/usr/include/x86_64-linux-gnu]
    add: [/usr/include]
  end of search list found
  collapse include dir [/usr/include/c++/11] ==> [/usr/include/c++/11]
  collapse include dir [/usr/include/x86_64-linux-gnu/c++/11] ==> [/usr/include/x86_64-linux-gnu/c++/11]
  collapse include dir [/usr/include/c++/11/backward] ==> [/usr/include/c++/11/backward]
  collapse include dir [/usr/lib/gcc/x86_64-linux-gnu/11/include] ==> [/usr/lib/gcc/x86_64-linux-gnu/11/include]
  collapse include dir [/usr/local/include] ==> [/usr/local/include]
  collapse include dir [/usr/include/x86_64-linux-gnu] ==> [/usr/include/x86_64-linux-gnu]
  collapse include dir [/usr/include] ==> [/usr/include]
  implicit include dirs: [/usr/include/c++/11;/usr/include/x86_64-linux-gnu/c++/11;/usr/include/c++/11/backward;/usr/lib/gcc/x86_64-linux-gnu/11/include;/usr/local/include;/usr/include/x86_64-linux-gnu;/usr/include]


Parsed CXX implicit link information from above output:
  link line regex: [^( *|.*[/\])(ld|CMAKE_LINK_STARTFILE-NOTFOUND|([^/\]+-)?ld|collect2)[^/\]*( |$)]
  ignore line: [Change Dir: /home/user/work/far4l-1.0/obj-x86_64-linux-gnu/CMakeFiles/CMakeTmp]
  ignore line: []
  ignore line: [Run Build Command(s):/usr/bin/gmake -f Makefile cmTC_eefc8/fast && gmake[1]: Entering directory '/home/user/work/far4l-1.0/obj-x86_64-linux-gnu/CMakeFiles/CMakeTmp']
  ignore line: [/usr/bin/gmake  -f CMakeFiles/cmTC_eefc8.dir/build.make CMakeFiles/cmTC_eefc8.dir/build]
  ignore line: [gmake[2]: Entering directory '/home/user/work/far4l-1.0/obj-x86_64-linux-gnu/CMakeFiles/CMakeTmp']
  ignore line: [Building CXX object CMakeFiles/cmTC_eefc8.dir/CMakeCXXCompilerABI.cpp.o]
  ignore line: [/usr/bin/c++   -g -O2 -ffile-prefix-map=/home/user/work/far4l-1.0=. -flto=auto -ffat-lto-objects -flto=auto -ffat-lto-objects -fstack-protector-strong -Wformat -Wdate-time -D_FORTIFY_SOURCE=2    -v -o CMakeFiles/cmTC_eefc8.dir/CMakeCXXCompilerABI.cpp.o -c /usr/share/cmake-3.22/Modules/CMakeCXXCompilerABI.cpp]
  ignore line: [Using built-in specs.]
  ignore line: [COLLECT_GCC=/usr/bin/c++]
  ignore line: [OFFLOAD_TARGET_NAMES=nvptx-none:amdgcn-amdhsa]
  ignore line: [OFFLOAD_TARGET_DEFAULT=1]
  ignore line: [Target: x86_64-linux-gnu]
  ignore line: [Configured with: ../src/configure -v --with-pkgversion='Ubuntu 11.3.0-1ubuntu1~22.04' --with-bugurl=file:///usr/share/doc/gcc-11/README.Bugs --enable-languages=c ada c++ go brig d fortran objc obj-c++ m2 --prefix=/usr --with-gcc-major-version-only --program-suffix=-11 --program-prefix=x86_64-linux-gnu- --enable-shared --enable-linker-build-id --libexecdir=/usr/lib --without-included-gettext --enable-threads=posix --libdir=/usr/lib --enable-nls --enable-bootstrap --enable-clocale=gnu --enable-libstdcxx-debug --enable-libstdcxx-time=yes --with-default-libstdcxx-abi=new --enable-gnu-unique-object --disable-vtable-verify --enable-plugin --enable-default-pie --with-system-zlib --enable-libphobos-checking=release --with-target-system-zlib=auto --enable-objc-gc=auto --enable-multiarch --disable-werror --enable-cet --with-arch-32=i686 --with-abi=m64 --with-multilib-list=m32 m64 mx32 --enable-multilib --with-tune=generic --enable-offload-targets=nvptx-none=/build/gcc-11-xKiWfi/gcc-11-11.3.0/debian/tmp-nvptx/usr amdgcn-amdhsa=/build/gcc-11-xKiWfi/gcc-11-11.3.0/debian/tmp-gcn/usr --without-cuda-driver --enable-checking=release --build=x86_64-linux-gnu --host=x86_64-linux-gnu --target=x86_64-linux-gnu --with-build-config=bootstrap-lto-lean --enable-link-serialization=2]
  ignore line: [Thread model: posix]
  ignore line: [Supported LTO compression algorithms: zlib zstd]
  ignore line: [gcc version 11.3.0 (Ubuntu 11.3.0-1ubuntu1~22.04) ]
  ignore line: [COLLECT_GCC_OPTIONS='-g' '-O2' '-ffile-prefix-map=/home/user/work/far4l-1.0=.' '-flto=auto' '-flto=auto' '-ffat-lto-objects' '-fstack-protector-strong' '-Wformat=1' '-Wdate-time' '-D' '_FORTIFY_SOURCE=2' '-v' '-o' 'CMakeFiles/cmTC_eefc8.dir/CMakeCXXCompilerABI.cpp.o' '-c' '-shared-libgcc' '-mtune=generic' '-march=x86-64' '-dumpdir' 'CMakeFiles/cmTC_eefc8.dir/']
  ignore line: [ /usr/lib/gcc/x86_64-linux-gnu/11/cc1plus -quiet -v -imultiarch x86_64-linux-gnu -D_GNU_SOURCE -D _FORTIFY_SOURCE=2 /usr/share/cmake-3.22/Modules/CMakeCXXCompilerABI.cpp -quiet -dumpdir CMakeFiles/cmTC_eefc8.dir/ -dumpbase CMakeCXXCompilerABI.cpp.cpp -dumpbase-ext .cpp -mtune=generic -march=x86-64 -g -O2 -Wformat=1 -Wdate-time -version -ffile-prefix-map=/home/user/work/far4l-1.0=. -flto=auto -flto=auto -ffat-lto-objects -fstack-protector-strong -fasynchronous-unwind-tables -fstack-protector-strong -Wformat -Wformat-security -fstack-clash-protection -fcf-protection -o /tmp/ccvCQypn.s]
  ignore line: [GNU C++17 (Ubuntu 11.3.0-1ubuntu1~22.04) version 11.3.0 (x86_64-linux-gnu)]
  ignore line: [	compiled by GNU C version 11.3.0  GMP version 6.2.1  MPFR version 4.1.0  MPC version 1.2.1  isl version isl-0.24-GMP]
  ignore line: []
  ignore line: [GGC heuristics: --param ggc-min-expand=100 --param ggc-min-heapsize=131072]
  ignore line: [ignoring duplicate directory "/usr/include/x86_64-linux-gnu/c++/11"]
  ignore line: [ignoring nonexistent directory "/usr/local/include/x86_64-linux-gnu"]
  ignore line: [ignoring nonexistent directory "/usr/lib/gcc/x86_64-linux-gnu/11/include-fixed"]
  ignore line: [ignoring nonexistent directory "/usr/lib/gcc/x86_64-linux-gnu/11/../../../../x86_64-linux-gnu/include"]
  ignore line: [#include "..." search starts here:]
  ignore line: [#include <...> search starts here:]
  ignore line: [ /usr/include/c++/11]
  ignore line: [ /usr/include/x86_64-linux-gnu/c++/11]
  ignore line: [ /usr/include/c++/11/backward]
  ignore line: [ /usr/lib/gcc/x86_64-linux-gnu/11/include]
  ignore line: [ /usr/local/include]
  ignore line: [ /usr/include/x86_64-linux-gnu]
  ignore line: [ /usr/include]
  ignore line: [End of search list.]
  ignore line: [GNU C++17 (Ubuntu 11.3.0-1ubuntu1~22.04) version 11.3.0 (x86_64-linux-gnu)]
  ignore line: [	compiled by GNU C version 11.3.0  GMP version 6.2.1  MPFR version 4.1.0  MPC version 1.2.1  isl version isl-0.24-GMP]
  ignore line: []
  ignore line: [GGC heuristics: --param ggc-min-expand=100 --param ggc-min-heapsize=131072]
  ignore line: [Compiler executable checksum: 449548cbb29044828dc7ea158b577b98]
  ignore line: [COLLECT_GCC_OPTIONS='-g' '-O2' '-ffile-prefix-map=/home/user/work/far4l-1.0=.' '-flto=auto' '-flto=auto' '-ffat-lto-objects' '-fstack-protector-strong' '-Wformat=1' '-Wdate-time' '-D' '_FORTIFY_SOURCE=2' '-v' '-o' 'CMakeFiles/cmTC_eefc8.dir/CMakeCXXCompilerABI.cpp.o' '-c' '-shared-libgcc' '-mtune=generic' '-march=x86-64' '-dumpdir' 'CMakeFiles/cmTC_eefc8.dir/']
  ignore line: [ as -v --gdwarf-5 --64 -o CMakeFiles/cmTC_eefc8.dir/CMakeCXXCompilerABI.cpp.o /tmp/ccvCQypn.s]
  ignore line: [GNU assembler version 2.38 (x86_64-linux-gnu) using BFD version (GNU Binutils for Ubuntu) 2.38]
  ignore line: [COMPILER_PATH=/usr/lib/gcc/x86_64-linux-gnu/11/:/usr/lib/gcc/x86_64-linux-gnu/11/:/usr/lib/gcc/x86_64-linux-gnu/:/usr/lib/gcc/x86_64-linux-gnu/11/:/usr/lib/gcc/x86_64-linux-gnu/]
  ignore line: [LIBRARY_PATH=/usr/lib/gcc/x86_64-linux-gnu/11/:/usr/lib/gcc/x86_64-linux-gnu/11/../../../x86_64-linux-gnu/:/usr/lib/gcc/x86_64-linux-gnu/11/../../../../lib/:/lib/x86_64-linux-gnu/:/lib/../lib/:/usr/lib/x86_64-linux-gnu/:/usr/lib/../lib/:/usr/lib/gcc/x86_64-linux-gnu/11/../../../:/lib/:/usr/lib/]
  ignore line: [COLLECT_GCC_OPTIONS='-g' '-O2' '-ffile-prefix-map=/home/user/work/far4l-1.0=.' '-flto=auto' '-flto=auto' '-ffat-lto-objects' '-fstack-protector-strong' '-Wformat=1' '-Wdate-time' '-D' '_FORTIFY_SOURCE=2' '-v' '-o' 'CMakeFiles/cmTC_eefc8.dir/CMakeCXXCompilerABI.cpp.o' '-c' '-shared-libgcc' '-mtune=generic' '-march=x86-64' '-dumpdir' 'CMakeFiles/cmTC_eefc8.dir/CMakeCXXCompilerABI.cpp.']
  ignore line: [Linking CXX executable cmTC_eefc8]
  ignore line: [/usr/bin/cmake -E cmake_link_script CMakeFiles/cmTC_eefc8.dir/link.txt --verbose=1]
  ignore line: [/usr/bin/c++ -g -O2 -ffile-prefix-map=/home/user/work/far4l-1.0=. -flto=auto -ffat-lto-objects -flto=auto -ffat-lto-objects -fstack-protector-strong -Wformat -Wdate-time -D_FORTIFY_SOURCE=2  -Wl -Bsymbolic-functions -flto=auto -ffat-lto-objects -flto=auto -Wl -z relro -v -rdynamic CMakeFiles/cmTC_eefc8.dir/CMakeCXXCompilerABI.cpp.o -o cmTC_eefc8 ]
  ignore line: [Using built-in specs.]
  ignore line: [COLLECT_GCC=/usr/bin/c++]
  ignore line: [COLLECT_LTO_WRAPPER=/usr/lib/gcc/x86_64-linux-gnu/11/lto-wrapper]
  ignore line: [OFFLOAD_TARGET_NAMES=nvptx-none:amdgcn-amdhsa]
  ignore line: [OFFLOAD_TARGET_DEFAULT=1]
  ignore line: [Target: x86_64-linux-gnu]
  ignore line: [Configured with: ../src/configure -v --with-pkgversion='Ubuntu 11.3.0-1ubuntu1~22.04' --with-bugurl=file:///usr/share/doc/gcc-11/README.Bugs --enable-languages=c ada c++ go brig d fortran objc obj-c++ m2 --prefix=/usr --with-gcc-major-version-only --program-suffix=-11 --program-prefix=x86_64-linux-gnu- --enable-shared --enable-linker-build-id --libexecdir=/usr/lib --without-included-gettext --enable-threads=posix --libdir=/usr/lib --enable-nls --enable-bootstrap --enable-clocale=gnu --enable-libstdcxx-debug --enable-libstdcxx-time=yes --with-default-libstdcxx-abi=new --enable-gnu-unique-object --disable-vtable-verify --enable-plugin --enable-default-pie --with-system-zlib --enable-libphobos-checking=release --with-target-system-zlib=auto --enable-objc-gc=auto --enable-multiarch --disable-werror --enable-cet --with-arch-32=i686 --with-abi=m64 --with-multilib-list=m32 m64 mx32 --enable-multilib --with-tune=generic --enable-offload-targets=nvptx-none=/build/gcc-11-xKiWfi/gcc-11-11.3.0/debian/tmp-nvptx/usr amdgcn-amdhsa=/build/gcc-11-xKiWfi/gcc-11-11.3.0/debian/tmp-gcn/usr --without-cuda-driver --enable-checking=release --build=x86_64-linux-gnu --host=x86_64-linux-gnu --target=x86_64-linux-gnu --with-build-config=bootstrap-lto-lean --enable-link-serialization=2]
  ignore line: [Thread model: posix]
  ignore line: [Supported LTO compression algorithms: zlib zstd]
  ignore line: [gcc version 11.3.0 (Ubuntu 11.3.0-1ubuntu1~22.04) ]
  ignore line: [COMPILER_PATH=/usr/lib/gcc/x86_64-linux-gnu/11/:/usr/lib/gcc/x86_64-linux-gnu/11/:/usr/lib/gcc/x86_64-linux-gnu/:/usr/lib/gcc/x86_64-linux-gnu/11/:/usr/lib/gcc/x86_64-linux-gnu/]
  ignore line: [LIBRARY_PATH=/usr/lib/gcc/x86_64-linux-gnu/11/:/usr/lib/gcc/x86_64-linux-gnu/11/../../../x86_64-linux-gnu/:/usr/lib/gcc/x86_64-linux-gnu/11/../../../../lib/:/lib/x86_64-linux-gnu/:/lib/../lib/:/usr/lib/x86_64-linux-gnu/:/usr/lib/../lib/:/usr/lib/gcc/x86_64-linux-gnu/11/../../../:/lib/:/usr/lib/]
  ignore line: [COLLECT_GCC_OPTIONS='-g' '-O2' '-ffile-prefix-map=/home/user/work/far4l-1.0=.' '-flto=auto' '-flto=auto' '-fstack-protector-strong' '-Wformat=1' '-Wdate-time' '-D' '_FORTIFY_SOURCE=2' '-flto=auto' '-ffat-lto-objects' '-flto=auto' '-v' '-rdynamic' '-o' 'cmTC_eefc8' '-shared-libgcc' '-mtune=generic' '-march=x86-64' '-dumpdir' 'cmTC_eefc8.']
  link line: [ /usr/lib/gcc/x86_64-linux-gnu/11/collect2 -plugin /usr/lib/gcc/x86_64-linux-gnu/11/liblto_plugin.so -plugin-opt=/usr/lib/gcc/x86_64-linux-gnu/11/lto-wrapper -plugin-opt=-fresolution=/tmp/ccO7V000.res -plugin-opt=-pass-through=-lgcc_s -plugin-opt=-pass-through=-lgcc -plugin-opt=-pass-through=-lc -plugin-opt=-pass-through=-lgcc_s -plugin-opt=-pass-through=-lgcc -flto=auto -flto=auto -flto=auto -flto=auto --build-id --eh-frame-hdr -m elf_x86_64 --hash-style=gnu --as-needed -export-dynamic -dynamic-linker /lib64/ld-linux-x86-64.so.2 -pie -z now -z relro -o cmTC_eefc8 /usr/lib/gcc/x86_64-linux-gnu/11/../../../x86_64-linux-gnu/Scrt1.o /usr/lib/gcc/x86_64-linux-gnu/11/../../../x86_64-linux-gnu/crti.o /usr/lib/gcc/x86_64-linux-gnu/11/crtbeginS.o -L/usr/lib/gcc/x86_64-linux-gnu/11 -L/usr/lib/gcc/x86_64-linux-gnu/11/../../../x86_64-linux-gnu -L/usr/lib/gcc/x86_64-linux-gnu/11/../../../../lib -L/lib/x86_64-linux-gnu -L/lib/../lib -L/usr/lib/x86_64-linux-gnu -L/usr/lib/../lib -L/usr/lib/gcc/x86_64-linux-gnu/11/../../.. -Bsymbolic-functions -z relro CMakeFiles/cmTC_eefc8.dir/CMakeCXXCompilerABI.cpp.o -lstdc++ -lm -lgcc_s -lgcc -lc -lgcc_s -lgcc /usr/lib/gcc/x86_64-linux-gnu/11/crtendS.o /usr/lib/gcc/x86_64-linux-gnu/11/../../../x86_64-linux-gnu/crtn.o]
    arg [/usr/lib/gcc/x86_64-linux-gnu/11/collect2] ==> ignore
    arg [-plugin] ==> ignore
    arg [/usr/lib/gcc/x86_64-linux-gnu/11/liblto_plugin.so] ==> ignore
    arg [-plugin-opt=/usr/lib/gcc/x86_64-linux-gnu/11/lto-wrapper] ==> ignore
    arg [-plugin-opt=-fresolution=/tmp/ccO7V000.res] ==> ignore
    arg [-plugin-opt=-pass-through=-lgcc_s] ==> ignore
    arg [-plugin-opt=-pass-through=-lgcc] ==> ignore
    arg [-plugin-opt=-pass-through=-lc] ==> ignore
    arg [-plugin-opt=-pass-through=-lgcc_s] ==> ignore
    arg [-plugin-opt=-pass-through=-lgcc] ==> ignore
    arg [-flto=auto] ==> ignore
    arg [-flto=auto] ==> ignore
    arg [-flto=auto] ==> ignore
    arg [-flto=auto] ==> ignore
    arg [--build-id] ==> ignore
    arg [--eh-frame-hdr] ==> ignore
    arg [-m] ==> ignore
    arg [elf_x86_64] ==> ignore
    arg [--hash-style=gnu] ==> ignore
    arg [--as-needed] ==> ignore
    arg [-export-dynamic] ==> ignore
    arg [-dynamic-linker] ==> ignore
    arg [/lib64/ld-linux-x86-64.so.2] ==> ignore
    arg [-pie] ==> ignore
    arg [-znow] ==> ignore
    arg [-zrelro] ==> ignore
    arg [-o] ==> ignore
    arg [cmTC_eefc8] ==> ignore
    arg [/usr/lib/gcc/x86_64-linux-gnu/11/../../../x86_64-linux-gnu/Scrt1.o] ==> obj [/usr/lib/gcc/x86_64-linux-gnu/11/../../../x86_64-linux-gnu/Scrt1.o]
    arg [/usr/lib/gcc/x86_64-linux-gnu/11/../../../x86_64-linux-gnu/crti.o] ==> obj [/usr/lib/gcc/x86_64-linux-gnu/11/../../../x86_64-linux-gnu/crti.o]
    arg [/usr/lib/gcc/x86_64-linux-gnu/11/crtbeginS.o] ==> obj [/usr/lib/gcc/x86_64-linux-gnu/11/crtbeginS.o]
    arg [-L/usr/lib/gcc/x86_64-linux-gnu/11] ==> dir [/usr/lib/gcc/x86_64-linux-gnu/11]
    arg [-L/usr/lib/gcc/x86_64-linux-gnu/11/../../../x86_64-linux-gnu] ==> dir [/usr/lib/gcc/x86_64-linux-gnu/11/../../../x86_64-linux-gnu]
    arg [-L/usr/lib/gcc/x86_64-linux-gnu/11/../../../../lib] ==> dir [/usr/lib/gcc/x86_64-linux-gnu/11/../../../../lib]
    arg [-L/lib/x86_64-linux-gnu] ==> dir [/lib/x86_64-linux-gnu]
    arg [-L/lib/../lib] ==> dir [/lib/../lib]
    arg [-L/usr/lib/x86_64-linux-gnu] ==> dir [/usr/lib/x86_64-linux-gnu]
    arg [-L/usr/lib/../lib] ==> dir [/usr/lib/../lib]
    arg [-L/usr/lib/gcc/x86_64-linux-gnu/11/../../..] ==> dir [/usr/lib/gcc/x86_64-linux-gnu/11/../../..]
    arg [-Bsymbolic-functions] ==> ignore
    arg [-zrelro] ==> ignore
    arg [CMakeFiles/cmTC_eefc8.dir/CMakeCXXCompilerABI.cpp.o] ==> ignore
    arg [-lstdc++] ==> lib [stdc++]
    arg [-lm] ==> lib [m]
    arg [-lgcc_s] ==> lib [gcc_s]
    arg [-lgcc] ==> lib [gcc]
    arg [-lc] ==> lib [c]
    arg [-lgcc_s] ==> lib [gcc_s]
    arg [-lgcc] ==> lib [gcc]
    arg [/usr/lib/gcc/x86_64-linux-gnu/11/crtendS.o] ==> obj [/usr/lib/gcc/x86_64-linux-gnu/11/crtendS.o]
    arg [/usr/lib/gcc/x86_64-linux-gnu/11/../../../x86_64-linux-gnu/crtn.o] ==> obj [/usr/lib/gcc/x86_64-linux-gnu/11/../../../x86_64-linux-gnu/crtn.o]
  collapse obj [/usr/lib/gcc/x86_64-linux-gnu/11/../../../x86_64-linux-gnu/Scrt1.o] ==> [/usr/lib/x86_64-linux-gnu/Scrt1.o]
  collapse obj [/usr/lib/gcc/x86_64-linux-gnu/11/../../../x86_64-linux-gnu/crti.o] ==> [/usr/lib/x86_64-linux-gnu/crti.o]
  collapse obj [/usr/lib/gcc/x86_64-linux-gnu/11/../../../x86_64-linux-gnu/crtn.o] ==> [/usr/lib/x86_64-linux-gnu/crtn.o]
  collapse library dir [/usr/lib/gcc/x86_64-linux-gnu/11] ==> [/usr/lib/gcc/x86_64-linux-gnu/11]
  collapse library dir [/usr/lib/gcc/x86_64-linux-gnu/11/../../../x86_64-linux-gnu] ==> [/usr/lib/x86_64-linux-gnu]
  collapse library dir [/usr/lib/gcc/x86_64-linux-gnu/11/../../../../lib] ==> [/usr/lib]
  collapse library dir [/lib/x86_64-linux-gnu] ==> [/lib/x86_64-linux-gnu]
  collapse library dir [/lib/../lib] ==> [/lib]
  collapse library dir [/usr/lib/x86_64-linux-gnu] ==> [/usr/lib/x86_64-linux-gnu]
  collapse library dir [/usr/lib/../lib] ==> [/usr/lib]
  collapse library dir [/usr/lib/gcc/x86_64-linux-gnu/11/../../..] ==> [/usr/lib]
  implicit libs: [stdc++;m;gcc_s;gcc;c;gcc_s;gcc]
  implicit objs: [/usr/lib/x86_64-linux-gnu/Scrt1.o;/usr/lib/x86_64-linux-gnu/crti.o;/usr/lib/gcc/x86_64-linux-gnu/11/crtbeginS.o;/usr/lib/gcc/x86_64-linux-gnu/11/crtendS.o;/usr/lib/x86_64-linux-gnu/crtn.o]
  implicit dirs: [/usr/lib/gcc/x86_64-linux-gnu/11;/usr/lib/x86_64-linux-gnu;/usr/lib;/lib/x86_64-linux-gnu;/lib]
  implicit fwks: []


dh_auto_configure: error: cd obj-x86_64-linux-gnu && cmake -DCMAKE_INSTALL_PREFIX=/usr -DCMAKE_BUILD_TYPE=None -DCMAKE_INSTALL_SYSCONFDIR=/etc -DCMAKE_INSTALL_LOCALSTATEDIR=/var -DCMAKE_EXPORT_NO_PACKAGE_REGISTRY=ON -DCMAKE_FIND_USE_PACKAGE_REGISTRY=OFF -DCMAKE_FIND_PACKAGE_NO_PACKAGE_REGISTRY=ON -DCMAKE_INSTALL_RUNSTATEDIR=/run -DCMAKE_SKIP_INSTALL_ALL_DEPENDENCY=ON "-GUnix Makefiles" -DCMAKE_VERBOSE_MAKEFILE=ON -DCMAKE_INSTALL_LIBDIR=lib/x86_64-linux-gnu .. returned exit code 1
make: *** [debian/rules:18: binary] Error 2
dpkg-buildpackage: error: debian/rules binary subprocess returned exit status 2
